2025-12-11 20:00:10,756 INFO: Travel Tracker startup [in /app/app.py:55]
2025-12-11 20:00:18,461 INFO: Travel Tracker startup [in /app/app.py:55]
2025-12-11 20:00:25,552 INFO: Travel Tracker startup [in /app/app.py:55]
2025-12-11 20:00:32,840 INFO: Travel Tracker startup [in /app/app.py:55]
2025-12-11 20:00:40,157 INFO: Travel Tracker startup [in /app/app.py:55]
2025-12-11 20:00:48,268 INFO: Travel Tracker startup [in /app/app.py:55]
2025-12-11 20:00:58,094 INFO: Travel Tracker startup [in /app/app.py:55]
2025-12-11 20:01:10,984 INFO: Travel Tracker startup [in /app/app.py:55]
2025-12-11 20:01:30,097 INFO: Travel Tracker startup [in /app/app.py:55]
2025-12-11 20:02:02,225 INFO: Travel Tracker startup [in /app/app.py:55]
2025-12-11 20:02:59,952 INFO: Travel Tracker startup [in /app/app.py:55]
2025-12-11 20:06:16,836 INFO: Travel Tracker startup [in /app/app.py:55]
2025-12-11 20:06:22,366 INFO: Travel Tracker startup [in /app/app.py:55]
2025-12-11 20:06:23,360 INFO: Travel Tracker startup [in /app/app.py:55]
2025-12-11 20:06:29,912 INFO: Travel Tracker startup [in /app/app.py:55]
2025-12-11 20:06:36,510 INFO: Travel Tracker startup [in /app/app.py:55]
2025-12-11 20:06:43,587 INFO: Travel Tracker startup [in /app/app.py:55]
2025-12-11 20:06:51,420 INFO: Travel Tracker startup [in /app/app.py:55]
2025-12-11 20:07:00,779 INFO: Travel Tracker startup [in /app/app.py:55]
2025-12-11 20:07:13,685 INFO: Travel Tracker startup [in /app/app.py:55]
2025-12-11 20:07:32,730 INFO: Travel Tracker startup [in /app/app.py:55]
2025-12-11 20:08:04,551 INFO: Travel Tracker startup [in /app/app.py:55]
2025-12-11 20:09:02,307 INFO: Travel Tracker startup [in /app/app.py:55]
2025-12-11 20:10:09,877 INFO: Travel Tracker startup [in /app/app.py:55]
2025-12-11 20:11:16,491 INFO: Travel Tracker startup [in /app/app.py:55]
2025-12-11 20:12:22,747 INFO: Travel Tracker startup [in /app/app.py:55]
2025-12-11 20:13:28,957 INFO: Travel Tracker startup [in /app/app.py:55]
2025-12-11 20:14:35,373 INFO: Travel Tracker startup [in /app/app.py:55]
2025-12-11 20:15:41,628 INFO: Travel Tracker startup [in /app/app.py:55]
2025-12-11 20:16:47,773 INFO: Travel Tracker startup [in /app/app.py:55]
2025-12-11 20:17:53,928 INFO: Travel Tracker startup [in /app/app.py:55]
2025-12-11 20:19:00,100 INFO: Travel Tracker startup [in /app/app.py:55]
2025-12-11 20:20:06,649 INFO: Travel Tracker startup [in /app/app.py:55]
2025-12-11 20:21:13,077 INFO: Travel Tracker startup [in /app/app.py:55]
2025-12-11 20:22:19,469 INFO: Travel Tracker startup [in /app/app.py:55]
2025-12-11 20:23:25,789 INFO: Travel Tracker startup [in /app/app.py:55]
2025-12-11 20:24:32,042 INFO: Travel Tracker startup [in /app/app.py:55]
2025-12-11 20:25:38,495 INFO: Travel Tracker startup [in /app/app.py:55]
2025-12-11 20:26:44,961 INFO: Travel Tracker startup [in /app/app.py:55]
2025-12-11 20:27:51,470 INFO: Travel Tracker startup [in /app/app.py:55]
2025-12-11 20:28:57,687 INFO: Travel Tracker startup [in /app/app.py:55]
2025-12-11 20:30:04,651 INFO: Travel Tracker startup [in /app/app.py:55]
2025-12-11 20:31:11,326 INFO: Travel Tracker startup [in /app/app.py:55]
2025-12-11 20:32:17,654 INFO: Travel Tracker startup [in /app/app.py:55]
2025-12-11 20:33:23,940 INFO: Travel Tracker startup [in /app/app.py:55]
2025-12-11 20:34:30,266 INFO: Travel Tracker startup [in /app/app.py:55]
2025-12-11 20:35:36,815 INFO: Travel Tracker startup [in /app/app.py:55]
2025-12-11 20:36:43,006 INFO: Travel Tracker startup [in /app/app.py:55]
2025-12-11 20:37:49,142 INFO: Travel Tracker startup [in /app/app.py:55]
2025-12-11 20:38:55,332 INFO: Travel Tracker startup [in /app/app.py:55]
2025-12-11 20:40:01,983 INFO: Travel Tracker startup [in /app/app.py:55]
2025-12-11 20:41:08,525 INFO: Travel Tracker startup [in /app/app.py:55]
2025-12-11 20:42:14,955 INFO: Travel Tracker startup [in /app/app.py:55]
2025-12-11 20:43:21,425 INFO: Travel Tracker startup [in /app/app.py:55]
2025-12-11 20:44:27,700 INFO: Travel Tracker startup [in /app/app.py:55]
2025-12-11 20:45:33,961 INFO: Travel Tracker startup [in /app/app.py:55]
2025-12-11 20:46:40,439 INFO: Travel Tracker startup [in /app/app.py:55]
2025-12-11 20:47:46,731 INFO: Travel Tracker startup [in /app/app.py:55]
2025-12-11 20:48:52,983 INFO: Travel Tracker startup [in /app/app.py:55]
2025-12-11 20:49:59,297 INFO: Travel Tracker startup [in /app/app.py:55]
2025-12-11 20:51:05,475 INFO: Travel Tracker startup [in /app/app.py:55]
2025-12-11 20:52:11,620 INFO: Travel Tracker startup [in /app/app.py:55]
2025-12-11 20:53:17,769 INFO: Travel Tracker startup [in /app/app.py:55]
2025-12-11 20:54:23,912 INFO: Travel Tracker startup [in /app/app.py:55]
2025-12-11 20:55:30,226 INFO: Travel Tracker startup [in /app/app.py:55]
2025-12-11 20:56:36,577 INFO: Travel Tracker startup [in /app/app.py:55]
2025-12-11 20:57:43,091 INFO: Travel Tracker startup [in /app/app.py:55]
2025-12-11 20:58:49,364 INFO: Travel Tracker startup [in /app/app.py:55]
2025-12-11 20:59:55,927 INFO: Travel Tracker startup [in /app/app.py:55]
2025-12-11 21:01:02,436 INFO: Travel Tracker startup [in /app/app.py:55]
2025-12-11 21:02:08,992 INFO: Travel Tracker startup [in /app/app.py:55]
2025-12-11 21:03:15,242 INFO: Travel Tracker startup [in /app/app.py:55]
2025-12-11 21:04:21,497 INFO: Travel Tracker startup [in /app/app.py:55]
2025-12-11 21:05:27,854 INFO: Travel Tracker startup [in /app/app.py:55]
2025-12-11 21:06:37,344 INFO: Travel Tracker startup [in /app/app.py:55]
2025-12-11 21:06:38,189 INFO: Travel Tracker startup [in /app/app.py:55]
2025-12-11 21:06:40,762 INFO: Travel Tracker startup [in /app/app.py:55]
2025-12-11 21:06:41,966 INFO: Travel Tracker startup [in /app/app.py:55]
2025-12-11 21:06:45,261 INFO: Travel Tracker startup [in /app/app.py:55]
2025-12-11 21:06:51,644 INFO: Travel Tracker startup [in /app/app.py:55]
2025-12-11 21:06:58,145 INFO: Travel Tracker startup [in /app/app.py:55]
2025-12-11 21:07:04,821 INFO: Travel Tracker startup [in /app/app.py:55]
2025-12-11 21:07:12,009 INFO: Travel Tracker startup [in /app/app.py:55]
2025-12-11 21:07:19,855 INFO: Travel Tracker startup [in /app/app.py:55]
2025-12-11 21:10:10,124 INFO: Travel Tracker startup [in /app/app.py:55]
2025-12-11 21:10:10,500 INFO: Travel Tracker startup [in /app/app.py:55]
2025-12-11 21:10:11,194 INFO: Travel Tracker startup [in /app/app.py:55]
2025-12-11 21:10:11,233 INFO: Travel Tracker startup [in /app/app.py:55]
2025-12-11 21:10:11,371 INFO: Travel Tracker startup [in /app/app.py:55]
2025-12-11 21:10:11,600 INFO: Travel Tracker startup [in /app/app.py:55]
2025-12-11 21:10:12,127 INFO: Travel Tracker startup [in /app/app.py:55]
2025-12-11 21:10:13,970 INFO: Travel Tracker startup [in /app/app.py:55]
2025-12-11 21:10:15,581 INFO: Travel Tracker startup [in /app/app.py:55]
2025-12-11 21:16:03,067 ERROR: Exception on /auth/login [POST] [in /usr/local/lib/python3.11/site-packages/flask/app.py:825]
Traceback (most recent call last):
  File "/usr/local/lib/python3.11/site-packages/flask/app.py", line 1455, in wsgi_app
    response = self.full_dispatch_request()
               ^^^^^^^^^^^^^^^^^^^^^^^^^^^^
  File "/usr/local/lib/python3.11/site-packages/flask/app.py", line 869, in full_dispatch_request
    rv = self.handle_user_exception(e)
         ^^^^^^^^^^^^^^^^^^^^^^^^^^^^^
  File "/usr/local/lib/python3.11/site-packages/flask/app.py", line 867, in full_dispatch_request
    rv = self.dispatch_request()
         ^^^^^^^^^^^^^^^^^^^^^^^
  File "/usr/local/lib/python3.11/site-packages/flask/app.py", line 852, in dispatch_request
    return self.ensure_sync(self.view_functions[rule.endpoint])(**view_args)
           ^^^^^^^^^^^^^^^^^^^^^^^^^^^^^^^^^^^^^^^^^^^^^^^^^^^^^^^^^^^^^^^^^
  File "/app/auth.py", line 56, in login
    next_page = url_for('main.dashboard')
                ^^^^^^^^^^^^^^^^^^^^^^^^^
  File "/usr/local/lib/python3.11/site-packages/flask/helpers.py", line 222, in url_for
    return current_app.url_for(
           ^^^^^^^^^^^^^^^^^^^^
  File "/usr/local/lib/python3.11/site-packages/flask/app.py", line 1071, in url_for
    return self.handle_url_build_error(error, endpoint, values)
           ^^^^^^^^^^^^^^^^^^^^^^^^^^^^^^^^^^^^^^^^^^^^^^^^^^^^
  File "/usr/local/lib/python3.11/site-packages/flask/app.py", line 1060, in url_for
    rv = url_adapter.build(  # type: ignore[union-attr]
         ^^^^^^^^^^^^^^^^^^^^^^^^^^^^^^^^^^^^^^^^^^^^^^
  File "/usr/local/lib/python3.11/site-packages/werkzeug/routing/map.py", line 919, in build
    raise BuildError(endpoint, values, method, self)
werkzeug.routing.exceptions.BuildError: Could not build url for endpoint 'main.dashboard'. Did you mean 'admin.dashboard' instead?
2025-12-11 21:24:21,025 INFO: Travel Tracker startup [in /app/app.py:55]
2025-12-11 21:24:22,125 INFO: Travel Tracker startup [in /app/app.py:55]
2025-12-11 21:24:22,256 INFO: Travel Tracker startup [in /app/app.py:55]
2025-12-11 21:24:22,304 INFO: Travel Tracker startup [in /app/app.py:55]
2025-12-11 21:24:22,309 INFO: Travel Tracker startup [in /app/app.py:55]
2025-12-11 21:24:31,465 INFO: Travel Tracker startup [in /app/app.py:55]
2025-12-11 21:24:33,047 INFO: Travel Tracker startup [in /app/app.py:55]
2025-12-11 21:24:34,747 INFO: Travel Tracker startup [in /app/app.py:55]
2025-12-11 21:26:01,956 INFO: Travel Tracker startup [in /app/app.py:55]
2025-12-11 21:26:03,574 INFO: Travel Tracker startup [in /app/app.py:55]
2025-12-11 21:26:04,950 INFO: Travel Tracker startup [in /app/app.py:55]
2025-12-11 21:27:24,767 INFO: Travel Tracker startup [in /app/app.py:55]
2025-12-11 21:27:26,248 INFO: Travel Tracker startup [in /app/app.py:55]
2025-12-11 21:27:27,717 INFO: Travel Tracker startup [in /app/app.py:55]
2025-12-11 21:27:29,275 INFO: Travel Tracker startup [in /app/app.py:55]
2025-12-11 21:28:49,893 ERROR: Exception on /auth/login [POST] [in /usr/local/lib/python3.11/site-packages/flask/app.py:825]
Traceback (most recent call last):
  File "/usr/local/lib/python3.11/site-packages/flask/app.py", line 1455, in wsgi_app
    response = self.full_dispatch_request()
               ^^^^^^^^^^^^^^^^^^^^^^^^^^^^
  File "/usr/local/lib/python3.11/site-packages/flask/app.py", line 869, in full_dispatch_request
    rv = self.handle_user_exception(e)
         ^^^^^^^^^^^^^^^^^^^^^^^^^^^^^
  File "/usr/local/lib/python3.11/site-packages/flask/app.py", line 867, in full_dispatch_request
    rv = self.dispatch_request()
         ^^^^^^^^^^^^^^^^^^^^^^^
  File "/usr/local/lib/python3.11/site-packages/flask/app.py", line 852, in dispatch_request
    return self.ensure_sync(self.view_functions[rule.endpoint])(**view_args)
           ^^^^^^^^^^^^^^^^^^^^^^^^^^^^^^^^^^^^^^^^^^^^^^^^^^^^^^^^^^^^^^^^^
  File "/app/auth.py", line 56, in login
    next_page = url_for('main.dashboard')
                ^^^^^^^^^^^^^^^^^^^^^^^^^
  File "/usr/local/lib/python3.11/site-packages/flask/helpers.py", line 222, in url_for
    return current_app.url_for(
           ^^^^^^^^^^^^^^^^^^^^
  File "/usr/local/lib/python3.11/site-packages/flask/app.py", line 1071, in url_for
    return self.handle_url_build_error(error, endpoint, values)
           ^^^^^^^^^^^^^^^^^^^^^^^^^^^^^^^^^^^^^^^^^^^^^^^^^^^^
  File "/usr/local/lib/python3.11/site-packages/flask/app.py", line 1060, in url_for
    rv = url_adapter.build(  # type: ignore[union-attr]
         ^^^^^^^^^^^^^^^^^^^^^^^^^^^^^^^^^^^^^^^^^^^^^^
  File "/usr/local/lib/python3.11/site-packages/werkzeug/routing/map.py", line 919, in build
    raise BuildError(endpoint, values, method, self)
werkzeug.routing.exceptions.BuildError: Could not build url for endpoint 'main.dashboard'. Did you mean 'admin.dashboard' instead?
2025-12-11 21:28:55,163 ERROR: Exception on /auth/login [POST] [in /usr/local/lib/python3.11/site-packages/flask/app.py:825]
Traceback (most recent call last):
  File "/usr/local/lib/python3.11/site-packages/flask/app.py", line 1455, in wsgi_app
    response = self.full_dispatch_request()
               ^^^^^^^^^^^^^^^^^^^^^^^^^^^^
  File "/usr/local/lib/python3.11/site-packages/flask/app.py", line 869, in full_dispatch_request
    rv = self.handle_user_exception(e)
         ^^^^^^^^^^^^^^^^^^^^^^^^^^^^^
  File "/usr/local/lib/python3.11/site-packages/flask/app.py", line 867, in full_dispatch_request
    rv = self.dispatch_request()
         ^^^^^^^^^^^^^^^^^^^^^^^
  File "/usr/local/lib/python3.11/site-packages/flask/app.py", line 852, in dispatch_request
    return self.ensure_sync(self.view_functions[rule.endpoint])(**view_args)
           ^^^^^^^^^^^^^^^^^^^^^^^^^^^^^^^^^^^^^^^^^^^^^^^^^^^^^^^^^^^^^^^^^
  File "/app/auth.py", line 40, in login
    return redirect(url_for('main.dashboard'))
                    ^^^^^^^^^^^^^^^^^^^^^^^^^
  File "/usr/local/lib/python3.11/site-packages/flask/helpers.py", line 222, in url_for
    return current_app.url_for(
           ^^^^^^^^^^^^^^^^^^^^
  File "/usr/local/lib/python3.11/site-packages/flask/app.py", line 1071, in url_for
    return self.handle_url_build_error(error, endpoint, values)
           ^^^^^^^^^^^^^^^^^^^^^^^^^^^^^^^^^^^^^^^^^^^^^^^^^^^^
  File "/usr/local/lib/python3.11/site-packages/flask/app.py", line 1060, in url_for
    rv = url_adapter.build(  # type: ignore[union-attr]
         ^^^^^^^^^^^^^^^^^^^^^^^^^^^^^^^^^^^^^^^^^^^^^^
  File "/usr/local/lib/python3.11/site-packages/werkzeug/routing/map.py", line 919, in build
    raise BuildError(endpoint, values, method, self)
werkzeug.routing.exceptions.BuildError: Could not build url for endpoint 'main.dashboard'. Did you mean 'admin.dashboard' instead?
2025-12-11 21:29:02,547 ERROR: Exception on /admin/ [GET] [in /usr/local/lib/python3.11/site-packages/flask/app.py:825]
Traceback (most recent call last):
  File "/usr/local/lib/python3.11/site-packages/flask/app.py", line 1455, in wsgi_app
    response = self.full_dispatch_request()
               ^^^^^^^^^^^^^^^^^^^^^^^^^^^^
  File "/usr/local/lib/python3.11/site-packages/flask/app.py", line 869, in full_dispatch_request
    rv = self.handle_user_exception(e)
         ^^^^^^^^^^^^^^^^^^^^^^^^^^^^^
  File "/usr/local/lib/python3.11/site-packages/flask/app.py", line 867, in full_dispatch_request
    rv = self.dispatch_request()
         ^^^^^^^^^^^^^^^^^^^^^^^
  File "/usr/local/lib/python3.11/site-packages/flask/app.py", line 852, in dispatch_request
    return self.ensure_sync(self.view_functions[rule.endpoint])(**view_args)
           ^^^^^^^^^^^^^^^^^^^^^^^^^^^^^^^^^^^^^^^^^^^^^^^^^^^^^^^^^^^^^^^^^
  File "/usr/local/lib/python3.11/site-packages/flask_login/utils.py", line 290, in decorated_view
    return current_app.ensure_sync(func)(*args, **kwargs)
           ^^^^^^^^^^^^^^^^^^^^^^^^^^^^^^^^^^^^^^^^^^^^^^
  File "/app/auth.py", line 33, in decorated_function
    return f(*args, **kwargs)
           ^^^^^^^^^^^^^^^^^^
  File "/app/admin.py", line 31, in dashboard
    return render_template('admin/dashboard.html', stats=stats)
           ^^^^^^^^^^^^^^^^^^^^^^^^^^^^^^^^^^^^^^^^^^^^^^^^^^^^
  File "/usr/local/lib/python3.11/site-packages/flask/templating.py", line 151, in render_template
    template = app.jinja_env.get_or_select_template(template_name_or_list)
               ^^^^^^^^^^^^^^^^^^^^^^^^^^^^^^^^^^^^^^^^^^^^^^^^^^^^^^^^^^^
  File "/usr/local/lib/python3.11/site-packages/jinja2/environment.py", line 1087, in get_or_select_template
    return self.get_template(template_name_or_list, parent, globals)
           ^^^^^^^^^^^^^^^^^^^^^^^^^^^^^^^^^^^^^^^^^^^^^^^^^^^^^^^^^
  File "/usr/local/lib/python3.11/site-packages/jinja2/environment.py", line 1016, in get_template
    return self._load_template(name, globals)
           ^^^^^^^^^^^^^^^^^^^^^^^^^^^^^^^^^^
  File "/usr/local/lib/python3.11/site-packages/jinja2/environment.py", line 975, in _load_template
    template = self.loader.load(self, name, self.make_globals(globals))
               ^^^^^^^^^^^^^^^^^^^^^^^^^^^^^^^^^^^^^^^^^^^^^^^^^^^^^^^^
  File "/usr/local/lib/python3.11/site-packages/jinja2/loaders.py", line 126, in load
    source, filename, uptodate = self.get_source(environment, name)
                                 ^^^^^^^^^^^^^^^^^^^^^^^^^^^^^^^^^^
  File "/usr/local/lib/python3.11/site-packages/flask/templating.py", line 65, in get_source
    return self._get_source_fast(environment, template)
           ^^^^^^^^^^^^^^^^^^^^^^^^^^^^^^^^^^^^^^^^^^^^
  File "/usr/local/lib/python3.11/site-packages/flask/templating.py", line 99, in _get_source_fast
    raise TemplateNotFound(template)
jinja2.exceptions.TemplateNotFound: admin/dashboard.html
2025-12-11 21:29:50,485 ERROR: Exception on /admin/ [GET] [in /usr/local/lib/python3.11/site-packages/flask/app.py:825]
Traceback (most recent call last):
  File "/usr/local/lib/python3.11/site-packages/flask/app.py", line 1455, in wsgi_app
    response = self.full_dispatch_request()
               ^^^^^^^^^^^^^^^^^^^^^^^^^^^^
  File "/usr/local/lib/python3.11/site-packages/flask/app.py", line 869, in full_dispatch_request
    rv = self.handle_user_exception(e)
         ^^^^^^^^^^^^^^^^^^^^^^^^^^^^^
  File "/usr/local/lib/python3.11/site-packages/flask/app.py", line 867, in full_dispatch_request
    rv = self.dispatch_request()
         ^^^^^^^^^^^^^^^^^^^^^^^
  File "/usr/local/lib/python3.11/site-packages/flask/app.py", line 852, in dispatch_request
    return self.ensure_sync(self.view_functions[rule.endpoint])(**view_args)
           ^^^^^^^^^^^^^^^^^^^^^^^^^^^^^^^^^^^^^^^^^^^^^^^^^^^^^^^^^^^^^^^^^
  File "/usr/local/lib/python3.11/site-packages/flask_login/utils.py", line 290, in decorated_view
    return current_app.ensure_sync(func)(*args, **kwargs)
           ^^^^^^^^^^^^^^^^^^^^^^^^^^^^^^^^^^^^^^^^^^^^^^
  File "/app/auth.py", line 33, in decorated_function
    return f(*args, **kwargs)
           ^^^^^^^^^^^^^^^^^^
  File "/app/admin.py", line 31, in dashboard
    return render_template('admin/dashboard.html', stats=stats)
           ^^^^^^^^^^^^^^^^^^^^^^^^^^^^^^^^^^^^^^^^^^^^^^^^^^^^
  File "/usr/local/lib/python3.11/site-packages/flask/templating.py", line 151, in render_template
    template = app.jinja_env.get_or_select_template(template_name_or_list)
               ^^^^^^^^^^^^^^^^^^^^^^^^^^^^^^^^^^^^^^^^^^^^^^^^^^^^^^^^^^^
  File "/usr/local/lib/python3.11/site-packages/jinja2/environment.py", line 1087, in get_or_select_template
    return self.get_template(template_name_or_list, parent, globals)
           ^^^^^^^^^^^^^^^^^^^^^^^^^^^^^^^^^^^^^^^^^^^^^^^^^^^^^^^^^
  File "/usr/local/lib/python3.11/site-packages/jinja2/environment.py", line 1016, in get_template
    return self._load_template(name, globals)
           ^^^^^^^^^^^^^^^^^^^^^^^^^^^^^^^^^^
  File "/usr/local/lib/python3.11/site-packages/jinja2/environment.py", line 975, in _load_template
    template = self.loader.load(self, name, self.make_globals(globals))
               ^^^^^^^^^^^^^^^^^^^^^^^^^^^^^^^^^^^^^^^^^^^^^^^^^^^^^^^^
  File "/usr/local/lib/python3.11/site-packages/jinja2/loaders.py", line 126, in load
    source, filename, uptodate = self.get_source(environment, name)
                                 ^^^^^^^^^^^^^^^^^^^^^^^^^^^^^^^^^^
  File "/usr/local/lib/python3.11/site-packages/flask/templating.py", line 65, in get_source
    return self._get_source_fast(environment, template)
           ^^^^^^^^^^^^^^^^^^^^^^^^^^^^^^^^^^^^^^^^^^^^
  File "/usr/local/lib/python3.11/site-packages/flask/templating.py", line 99, in _get_source_fast
    raise TemplateNotFound(template)
jinja2.exceptions.TemplateNotFound: admin/dashboard.html
2025-12-11 21:34:56,243 INFO: Travel Tracker startup [in /app/app.py:55]
2025-12-11 21:34:57,105 INFO: Travel Tracker startup [in /app/app.py:55]
2025-12-11 21:34:57,165 INFO: Travel Tracker startup [in /app/app.py:55]
2025-12-11 21:34:57,319 INFO: Travel Tracker startup [in /app/app.py:55]
2025-12-11 21:34:57,400 INFO: Travel Tracker startup [in /app/app.py:55]
2025-12-11 21:35:24,293 ERROR: Exception on /settings [GET] [in /usr/local/lib/python3.11/site-packages/flask/app.py:825]
Traceback (most recent call last):
  File "/usr/local/lib/python3.11/site-packages/flask/app.py", line 1455, in wsgi_app
    response = self.full_dispatch_request()
               ^^^^^^^^^^^^^^^^^^^^^^^^^^^^
  File "/usr/local/lib/python3.11/site-packages/flask/app.py", line 869, in full_dispatch_request
    rv = self.handle_user_exception(e)
         ^^^^^^^^^^^^^^^^^^^^^^^^^^^^^
  File "/usr/local/lib/python3.11/site-packages/flask/app.py", line 867, in full_dispatch_request
    rv = self.dispatch_request()
         ^^^^^^^^^^^^^^^^^^^^^^^
  File "/usr/local/lib/python3.11/site-packages/flask/app.py", line 852, in dispatch_request
    return self.ensure_sync(self.view_functions[rule.endpoint])(**view_args)
           ^^^^^^^^^^^^^^^^^^^^^^^^^^^^^^^^^^^^^^^^^^^^^^^^^^^^^^^^^^^^^^^^^
  File "/usr/local/lib/python3.11/site-packages/flask_login/utils.py", line 290, in decorated_view
    return current_app.ensure_sync(func)(*args, **kwargs)
           ^^^^^^^^^^^^^^^^^^^^^^^^^^^^^^^^^^^^^^^^^^^^^^
  File "/app/app.py", line 619, in settings
    return render_template('settings/index.html')
           ^^^^^^^^^^^^^^^^^^^^^^^^^^^^^^^^^^^^^^
  File "/usr/local/lib/python3.11/site-packages/flask/templating.py", line 152, in render_template
    return _render(app, template, context)
           ^^^^^^^^^^^^^^^^^^^^^^^^^^^^^^^
  File "/usr/local/lib/python3.11/site-packages/flask/templating.py", line 133, in _render
    rv = template.render(context)
         ^^^^^^^^^^^^^^^^^^^^^^^^
  File "/usr/local/lib/python3.11/site-packages/jinja2/environment.py", line 1295, in render
    self.environment.handle_exception()
  File "/usr/local/lib/python3.11/site-packages/jinja2/environment.py", line 942, in handle_exception
    raise rewrite_traceback_stack(source=source)
  File "/app/templates/settings/index.html", line 1, in top-level template code
    {% extends "base.html" %}
  File "/app/templates/base.html", line 161, in top-level template code
    {% block content %}{% endblock %}
    ^^^^^^^^^^^^^^^^^^^^^^^^^
  File "/app/templates/settings/index.html", line 200, in block 'content'
    {{ current_user.trips|selectattr('start_date', 'gt', now())|list|length }}
    ^^^^^^^^^^^^^^^^^^^^^^^^^
  File "/usr/local/lib/python3.11/site-packages/jinja2/utils.py", line 92, in from_obj
    if hasattr(obj, "jinja_pass_arg"):
       ^^^^^^^^^^^^^^^^^^^^^^^^^^^^^^
jinja2.exceptions.UndefinedError: 'now' is undefined
2025-12-11 21:35:44,430 ERROR: Exception on /settings [GET] [in /usr/local/lib/python3.11/site-packages/flask/app.py:825]
Traceback (most recent call last):
  File "/usr/local/lib/python3.11/site-packages/flask/app.py", line 1455, in wsgi_app
    response = self.full_dispatch_request()
               ^^^^^^^^^^^^^^^^^^^^^^^^^^^^
  File "/usr/local/lib/python3.11/site-packages/flask/app.py", line 869, in full_dispatch_request
    rv = self.handle_user_exception(e)
         ^^^^^^^^^^^^^^^^^^^^^^^^^^^^^
  File "/usr/local/lib/python3.11/site-packages/flask/app.py", line 867, in full_dispatch_request
    rv = self.dispatch_request()
         ^^^^^^^^^^^^^^^^^^^^^^^
  File "/usr/local/lib/python3.11/site-packages/flask/app.py", line 852, in dispatch_request
    return self.ensure_sync(self.view_functions[rule.endpoint])(**view_args)
           ^^^^^^^^^^^^^^^^^^^^^^^^^^^^^^^^^^^^^^^^^^^^^^^^^^^^^^^^^^^^^^^^^
  File "/usr/local/lib/python3.11/site-packages/flask_login/utils.py", line 290, in decorated_view
    return current_app.ensure_sync(func)(*args, **kwargs)
           ^^^^^^^^^^^^^^^^^^^^^^^^^^^^^^^^^^^^^^^^^^^^^^
  File "/app/app.py", line 619, in settings
    return render_template('settings/index.html')
           ^^^^^^^^^^^^^^^^^^^^^^^^^^^^^^^^^^^^^^
  File "/usr/local/lib/python3.11/site-packages/flask/templating.py", line 152, in render_template
    return _render(app, template, context)
           ^^^^^^^^^^^^^^^^^^^^^^^^^^^^^^^
  File "/usr/local/lib/python3.11/site-packages/flask/templating.py", line 133, in _render
    rv = template.render(context)
         ^^^^^^^^^^^^^^^^^^^^^^^^
  File "/usr/local/lib/python3.11/site-packages/jinja2/environment.py", line 1295, in render
    self.environment.handle_exception()
  File "/usr/local/lib/python3.11/site-packages/jinja2/environment.py", line 942, in handle_exception
    raise rewrite_traceback_stack(source=source)
  File "/app/templates/settings/index.html", line 1, in top-level template code
    {% extends "base.html" %}
  File "/app/templates/base.html", line 161, in top-level template code
    {% block content %}{% endblock %}
    ^^^^^^^^^^^^^^^^^^^^^^^^^
  File "/app/templates/settings/index.html", line 200, in block 'content'
    {{ current_user.trips|selectattr('start_date', 'gt', now())|list|length }}
    ^^^^^^^^^^^^^^^^^^^^^^^^^
  File "/usr/local/lib/python3.11/site-packages/jinja2/utils.py", line 92, in from_obj
    if hasattr(obj, "jinja_pass_arg"):
       ^^^^^^^^^^^^^^^^^^^^^^^^^^^^^^
jinja2.exceptions.UndefinedError: 'now' is undefined
2025-12-11 21:43:01,749 INFO: Travel Tracker startup [in /app/app.py:55]
2025-12-11 21:43:02,885 INFO: Travel Tracker startup [in /app/app.py:55]
2025-12-11 21:43:02,938 INFO: Travel Tracker startup [in /app/app.py:55]
2025-12-11 21:43:03,031 INFO: Travel Tracker startup [in /app/app.py:55]
2025-12-11 21:43:03,177 INFO: Travel Tracker startup [in /app/app.py:55]
2025-12-11 21:56:58,007 ERROR: Exception on /trips/1/flights/add [GET] [in /usr/local/lib/python3.11/site-packages/flask/app.py:825]
Traceback (most recent call last):
  File "/usr/local/lib/python3.11/site-packages/flask/app.py", line 1455, in wsgi_app
    response = self.full_dispatch_request()
               ^^^^^^^^^^^^^^^^^^^^^^^^^^^^
  File "/usr/local/lib/python3.11/site-packages/flask/app.py", line 869, in full_dispatch_request
    rv = self.handle_user_exception(e)
         ^^^^^^^^^^^^^^^^^^^^^^^^^^^^^
  File "/usr/local/lib/python3.11/site-packages/flask/app.py", line 867, in full_dispatch_request
    rv = self.dispatch_request()
         ^^^^^^^^^^^^^^^^^^^^^^^
  File "/usr/local/lib/python3.11/site-packages/flask/app.py", line 852, in dispatch_request
    return self.ensure_sync(self.view_functions[rule.endpoint])(**view_args)
           ^^^^^^^^^^^^^^^^^^^^^^^^^^^^^^^^^^^^^^^^^^^^^^^^^^^^^^^^^^^^^^^^^
  File "/usr/local/lib/python3.11/site-packages/flask_login/utils.py", line 290, in decorated_view
    return current_app.ensure_sync(func)(*args, **kwargs)
           ^^^^^^^^^^^^^^^^^^^^^^^^^^^^^^^^^^^^^^^^^^^^^^
  File "/app/utils.py", line 151, in decorated_function
    return f(*args, **kwargs)
           ^^^^^^^^^^^^^^^^^^
  File "/app/app.py", line 269, in add_flight
    return render_template('trips/add_flight.html', trip=trip)
           ^^^^^^^^^^^^^^^^^^^^^^^^^^^^^^^^^^^^^^^^^^^^^^^^^^^
  File "/usr/local/lib/python3.11/site-packages/flask/templating.py", line 151, in render_template
    template = app.jinja_env.get_or_select_template(template_name_or_list)
               ^^^^^^^^^^^^^^^^^^^^^^^^^^^^^^^^^^^^^^^^^^^^^^^^^^^^^^^^^^^
  File "/usr/local/lib/python3.11/site-packages/jinja2/environment.py", line 1087, in get_or_select_template
    return self.get_template(template_name_or_list, parent, globals)
           ^^^^^^^^^^^^^^^^^^^^^^^^^^^^^^^^^^^^^^^^^^^^^^^^^^^^^^^^^
  File "/usr/local/lib/python3.11/site-packages/jinja2/environment.py", line 1016, in get_template
    return self._load_template(name, globals)
           ^^^^^^^^^^^^^^^^^^^^^^^^^^^^^^^^^^
  File "/usr/local/lib/python3.11/site-packages/jinja2/environment.py", line 975, in _load_template
    template = self.loader.load(self, name, self.make_globals(globals))
               ^^^^^^^^^^^^^^^^^^^^^^^^^^^^^^^^^^^^^^^^^^^^^^^^^^^^^^^^
  File "/usr/local/lib/python3.11/site-packages/jinja2/loaders.py", line 126, in load
    source, filename, uptodate = self.get_source(environment, name)
                                 ^^^^^^^^^^^^^^^^^^^^^^^^^^^^^^^^^^
  File "/usr/local/lib/python3.11/site-packages/flask/templating.py", line 65, in get_source
    return self._get_source_fast(environment, template)
           ^^^^^^^^^^^^^^^^^^^^^^^^^^^^^^^^^^^^^^^^^^^^
  File "/usr/local/lib/python3.11/site-packages/flask/templating.py", line 99, in _get_source_fast
    raise TemplateNotFound(template)
jinja2.exceptions.TemplateNotFound: trips/add_flight.html
2025-12-11 22:05:16,019 INFO: Travel Tracker startup [in /app/app.py:55]
2025-12-11 22:05:17,147 INFO: Travel Tracker startup [in /app/app.py:55]
2025-12-11 22:05:17,151 INFO: Travel Tracker startup [in /app/app.py:55]
2025-12-11 22:05:17,220 INFO: Travel Tracker startup [in /app/app.py:55]
2025-12-11 22:05:17,352 INFO: Travel Tracker startup [in /app/app.py:55]
2025-12-11 22:05:32,331 ERROR: Exception on /settings [GET] [in /usr/local/lib/python3.11/site-packages/flask/app.py:825]
Traceback (most recent call last):
  File "/usr/local/lib/python3.11/site-packages/flask/app.py", line 1455, in wsgi_app
    response = self.full_dispatch_request()
               ^^^^^^^^^^^^^^^^^^^^^^^^^^^^
  File "/usr/local/lib/python3.11/site-packages/flask/app.py", line 869, in full_dispatch_request
    rv = self.handle_user_exception(e)
         ^^^^^^^^^^^^^^^^^^^^^^^^^^^^^
  File "/usr/local/lib/python3.11/site-packages/flask/app.py", line 867, in full_dispatch_request
    rv = self.dispatch_request()
         ^^^^^^^^^^^^^^^^^^^^^^^
  File "/usr/local/lib/python3.11/site-packages/flask/app.py", line 852, in dispatch_request
    return self.ensure_sync(self.view_functions[rule.endpoint])(**view_args)
           ^^^^^^^^^^^^^^^^^^^^^^^^^^^^^^^^^^^^^^^^^^^^^^^^^^^^^^^^^^^^^^^^^
  File "/usr/local/lib/python3.11/site-packages/flask_login/utils.py", line 290, in decorated_view
    return current_app.ensure_sync(func)(*args, **kwargs)
           ^^^^^^^^^^^^^^^^^^^^^^^^^^^^^^^^^^^^^^^^^^^^^^
  File "/app/app.py", line 577, in settings
    return render_template('settings/index.html')
           ^^^^^^^^^^^^^^^^^^^^^^^^^^^^^^^^^^^^^^
  File "/usr/local/lib/python3.11/site-packages/flask/templating.py", line 152, in render_template
    return _render(app, template, context)
           ^^^^^^^^^^^^^^^^^^^^^^^^^^^^^^^
  File "/usr/local/lib/python3.11/site-packages/flask/templating.py", line 133, in _render
    rv = template.render(context)
         ^^^^^^^^^^^^^^^^^^^^^^^^
  File "/usr/local/lib/python3.11/site-packages/jinja2/environment.py", line 1295, in render
    self.environment.handle_exception()
  File "/usr/local/lib/python3.11/site-packages/jinja2/environment.py", line 942, in handle_exception
    raise rewrite_traceback_stack(source=source)
  File "/app/templates/settings/index.html", line 1, in top-level template code
    {% extends "base.html" %}
  File "/app/templates/base.html", line 161, in top-level template code
    {% block content %}{% endblock %}
    ^^^^^^^^^^^^^^^^^^^^^^^^^
  File "/app/templates/settings/index.html", line 190, in block 'content'
    {{ current_user.trips|selectattr('start_date', 'gt', now())|list|length }}
    ^^^^^^^^^^^^^^^^^^^^^^^^^
  File "/usr/local/lib/python3.11/site-packages/jinja2/utils.py", line 92, in from_obj
    if hasattr(obj, "jinja_pass_arg"):
       ^^^^^^^^^^^^^^^^^^^^^^^^^^^^^^
jinja2.exceptions.UndefinedError: 'now' is undefined
2025-12-11 22:09:32,863 INFO: Travel Tracker startup [in /app/app.py:55]
2025-12-11 22:09:33,869 INFO: Travel Tracker startup [in /app/app.py:55]
2025-12-11 22:09:33,956 INFO: Travel Tracker startup [in /app/app.py:55]
2025-12-11 22:09:34,017 INFO: Travel Tracker startup [in /app/app.py:55]
2025-12-11 22:09:34,076 INFO: Travel Tracker startup [in /app/app.py:55]
2025-12-11 22:22:59,507 INFO: Travel Tracker startup [in /app/app.py:55]
2025-12-11 22:23:00,940 INFO: Travel Tracker startup [in /app/app.py:55]
2025-12-11 22:23:17,916 INFO: Travel Tracker startup [in /app/app.py:55]
2025-12-11 22:23:18,915 INFO: Travel Tracker startup [in /app/app.py:55]
2025-12-11 22:23:18,931 INFO: Travel Tracker startup [in /app/app.py:55]
2025-12-11 22:23:18,951 INFO: Travel Tracker startup [in /app/app.py:55]
2025-12-11 22:23:19,138 INFO: Travel Tracker startup [in /app/app.py:55]
2025-12-11 22:24:01,047 INFO: Travel Tracker startup [in /app/app.py:55]
2025-12-11 22:24:02,640 INFO: Travel Tracker startup [in /app/app.py:55]
2025-12-11 22:24:19,564 INFO: Travel Tracker startup [in /app/app.py:55]
2025-12-11 22:24:20,539 INFO: Travel Tracker startup [in /app/app.py:55]
2025-12-11 22:24:20,551 INFO: Travel Tracker startup [in /app/app.py:55]
2025-12-11 22:24:20,583 INFO: Travel Tracker startup [in /app/app.py:55]
2025-12-11 22:24:20,612 INFO: Travel Tracker startup [in /app/app.py:55]
2025-12-11 22:25:04,657 INFO: Travel Tracker startup [in /app/app.py:55]
2025-12-11 22:25:06,877 INFO: Travel Tracker startup [in /app/app.py:55]
2025-12-11 22:25:08,887 INFO: Travel Tracker startup [in /app/app.py:55]
2025-12-11 22:25:25,958 INFO: Travel Tracker startup [in /app/app.py:55]
2025-12-11 22:25:27,065 INFO: Travel Tracker startup [in /app/app.py:55]
2025-12-11 22:25:27,107 INFO: Travel Tracker startup [in /app/app.py:55]
2025-12-11 22:25:27,154 INFO: Travel Tracker startup [in /app/app.py:55]
2025-12-11 22:25:27,269 INFO: Travel Tracker startup [in /app/app.py:55]
2025-12-11 22:26:08,824 INFO: Travel Tracker startup [in /app/app.py:55]
2025-12-11 22:26:10,646 INFO: Travel Tracker startup [in /app/app.py:55]
2025-12-11 22:26:27,577 INFO: Travel Tracker startup [in /app/app.py:55]
2025-12-11 22:26:28,618 INFO: Travel Tracker startup [in /app/app.py:55]
2025-12-11 22:26:28,677 INFO: Travel Tracker startup [in /app/app.py:55]
2025-12-11 22:26:28,812 INFO: Travel Tracker startup [in /app/app.py:55]
2025-12-11 22:26:28,945 INFO: Travel Tracker startup [in /app/app.py:55]
2025-12-11 22:30:39,984 INFO: Travel Tracker startup [in /app/app.py:55]
2025-12-11 22:30:40,981 INFO: Travel Tracker startup [in /app/app.py:55]
2025-12-11 22:30:41,022 INFO: Travel Tracker startup [in /app/app.py:55]
2025-12-11 22:30:41,108 INFO: Travel Tracker startup [in /app/app.py:55]
2025-12-11 22:30:41,231 INFO: Travel Tracker startup [in /app/app.py:55]
2025-12-11 22:34:25,054 INFO: Travel Tracker startup [in /app/app.py:55]
2025-12-11 22:34:26,110 INFO: Travel Tracker startup [in /app/app.py:55]
2025-12-11 22:34:26,178 INFO: Travel Tracker startup [in /app/app.py:55]
2025-12-11 22:34:26,219 INFO: Travel Tracker startup [in /app/app.py:55]
2025-12-11 22:34:26,327 INFO: Travel Tracker startup [in /app/app.py:55]
2025-12-11 22:48:33,787 INFO: Travel Tracker startup [in /app/app.py:55]
2025-12-11 22:48:34,821 INFO: Travel Tracker startup [in /app/app.py:55]
2025-12-11 22:48:34,890 INFO: Travel Tracker startup [in /app/app.py:55]
2025-12-11 22:48:35,037 INFO: Travel Tracker startup [in /app/app.py:55]
2025-12-11 22:48:35,244 INFO: Travel Tracker startup [in /app/app.py:55]
2025-12-11 22:50:04,957 ERROR: Exception on /trips/3/flights/add [GET] [in /usr/local/lib/python3.11/site-packages/flask/app.py:825]
Traceback (most recent call last):
  File "/usr/local/lib/python3.11/site-packages/flask/app.py", line 1455, in wsgi_app
    response = self.full_dispatch_request()
               ^^^^^^^^^^^^^^^^^^^^^^^^^^^^
  File "/usr/local/lib/python3.11/site-packages/flask/app.py", line 869, in full_dispatch_request
    rv = self.handle_user_exception(e)
         ^^^^^^^^^^^^^^^^^^^^^^^^^^^^^
  File "/usr/local/lib/python3.11/site-packages/flask/app.py", line 867, in full_dispatch_request
    rv = self.dispatch_request()
         ^^^^^^^^^^^^^^^^^^^^^^^
  File "/usr/local/lib/python3.11/site-packages/flask/app.py", line 852, in dispatch_request
    return self.ensure_sync(self.view_functions[rule.endpoint])(**view_args)
           ^^^^^^^^^^^^^^^^^^^^^^^^^^^^^^^^^^^^^^^^^^^^^^^^^^^^^^^^^^^^^^^^^
  File "/usr/local/lib/python3.11/site-packages/flask_login/utils.py", line 290, in decorated_view
    return current_app.ensure_sync(func)(*args, **kwargs)
           ^^^^^^^^^^^^^^^^^^^^^^^^^^^^^^^^^^^^^^^^^^^^^^
  File "/app/utils.py", line 151, in decorated_function
    return f(*args, **kwargs)
           ^^^^^^^^^^^^^^^^^^
  File "/app/app.py", line 297, in add_flight
    return render_template('trips/add_flight.html', trip=trip)
           ^^^^^^^^^^^^^^^^^^^^^^^^^^^^^^^^^^^^^^^^^^^^^^^^^^^
  File "/usr/local/lib/python3.11/site-packages/flask/templating.py", line 151, in render_template
    template = app.jinja_env.get_or_select_template(template_name_or_list)
               ^^^^^^^^^^^^^^^^^^^^^^^^^^^^^^^^^^^^^^^^^^^^^^^^^^^^^^^^^^^
  File "/usr/local/lib/python3.11/site-packages/jinja2/environment.py", line 1087, in get_or_select_template
    return self.get_template(template_name_or_list, parent, globals)
           ^^^^^^^^^^^^^^^^^^^^^^^^^^^^^^^^^^^^^^^^^^^^^^^^^^^^^^^^^
  File "/usr/local/lib/python3.11/site-packages/jinja2/environment.py", line 1016, in get_template
    return self._load_template(name, globals)
           ^^^^^^^^^^^^^^^^^^^^^^^^^^^^^^^^^^
  File "/usr/local/lib/python3.11/site-packages/jinja2/environment.py", line 975, in _load_template
    template = self.loader.load(self, name, self.make_globals(globals))
               ^^^^^^^^^^^^^^^^^^^^^^^^^^^^^^^^^^^^^^^^^^^^^^^^^^^^^^^^
  File "/usr/local/lib/python3.11/site-packages/jinja2/loaders.py", line 126, in load
    source, filename, uptodate = self.get_source(environment, name)
                                 ^^^^^^^^^^^^^^^^^^^^^^^^^^^^^^^^^^
  File "/usr/local/lib/python3.11/site-packages/flask/templating.py", line 65, in get_source
    return self._get_source_fast(environment, template)
           ^^^^^^^^^^^^^^^^^^^^^^^^^^^^^^^^^^^^^^^^^^^^
  File "/usr/local/lib/python3.11/site-packages/flask/templating.py", line 99, in _get_source_fast
    raise TemplateNotFound(template)
jinja2.exceptions.TemplateNotFound: trips/add_flight.html
2025-12-11 22:53:15,270 ERROR: Exception on /trips/1/accommodation/add [GET] [in /usr/local/lib/python3.11/site-packages/flask/app.py:825]
Traceback (most recent call last):
  File "/usr/local/lib/python3.11/site-packages/flask/app.py", line 1455, in wsgi_app
    response = self.full_dispatch_request()
               ^^^^^^^^^^^^^^^^^^^^^^^^^^^^
  File "/usr/local/lib/python3.11/site-packages/flask/app.py", line 869, in full_dispatch_request
    rv = self.handle_user_exception(e)
         ^^^^^^^^^^^^^^^^^^^^^^^^^^^^^
  File "/usr/local/lib/python3.11/site-packages/flask/app.py", line 867, in full_dispatch_request
    rv = self.dispatch_request()
         ^^^^^^^^^^^^^^^^^^^^^^^
  File "/usr/local/lib/python3.11/site-packages/flask/app.py", line 852, in dispatch_request
    return self.ensure_sync(self.view_functions[rule.endpoint])(**view_args)
           ^^^^^^^^^^^^^^^^^^^^^^^^^^^^^^^^^^^^^^^^^^^^^^^^^^^^^^^^^^^^^^^^^
  File "/usr/local/lib/python3.11/site-packages/flask_login/utils.py", line 290, in decorated_view
    return current_app.ensure_sync(func)(*args, **kwargs)
           ^^^^^^^^^^^^^^^^^^^^^^^^^^^^^^^^^^^^^^^^^^^^^^
  File "/app/utils.py", line 151, in decorated_function
    return f(*args, **kwargs)
           ^^^^^^^^^^^^^^^^^^
  File "/app/app.py", line 334, in add_accommodation
    return render_template('trips/add_accommodation.html', trip=trip)
           ^^^^^^^^^^^^^^^^^^^^^^^^^^^^^^^^^^^^^^^^^^^^^^^^^^^^^^^^^^
  File "/usr/local/lib/python3.11/site-packages/flask/templating.py", line 151, in render_template
    template = app.jinja_env.get_or_select_template(template_name_or_list)
               ^^^^^^^^^^^^^^^^^^^^^^^^^^^^^^^^^^^^^^^^^^^^^^^^^^^^^^^^^^^
  File "/usr/local/lib/python3.11/site-packages/jinja2/environment.py", line 1087, in get_or_select_template
    return self.get_template(template_name_or_list, parent, globals)
           ^^^^^^^^^^^^^^^^^^^^^^^^^^^^^^^^^^^^^^^^^^^^^^^^^^^^^^^^^
  File "/usr/local/lib/python3.11/site-packages/jinja2/environment.py", line 1016, in get_template
    return self._load_template(name, globals)
           ^^^^^^^^^^^^^^^^^^^^^^^^^^^^^^^^^^
  File "/usr/local/lib/python3.11/site-packages/jinja2/environment.py", line 975, in _load_template
    template = self.loader.load(self, name, self.make_globals(globals))
               ^^^^^^^^^^^^^^^^^^^^^^^^^^^^^^^^^^^^^^^^^^^^^^^^^^^^^^^^
  File "/usr/local/lib/python3.11/site-packages/jinja2/loaders.py", line 126, in load
    source, filename, uptodate = self.get_source(environment, name)
                                 ^^^^^^^^^^^^^^^^^^^^^^^^^^^^^^^^^^
  File "/usr/local/lib/python3.11/site-packages/flask/templating.py", line 65, in get_source
    return self._get_source_fast(environment, template)
           ^^^^^^^^^^^^^^^^^^^^^^^^^^^^^^^^^^^^^^^^^^^^
  File "/usr/local/lib/python3.11/site-packages/flask/templating.py", line 99, in _get_source_fast
    raise TemplateNotFound(template)
jinja2.exceptions.TemplateNotFound: trips/add_accommodation.html
2025-12-11 22:53:20,051 ERROR: Exception on /trips/1/share [GET] [in /usr/local/lib/python3.11/site-packages/flask/app.py:825]
Traceback (most recent call last):
  File "/usr/local/lib/python3.11/site-packages/flask/app.py", line 1455, in wsgi_app
    response = self.full_dispatch_request()
               ^^^^^^^^^^^^^^^^^^^^^^^^^^^^
  File "/usr/local/lib/python3.11/site-packages/flask/app.py", line 869, in full_dispatch_request
    rv = self.handle_user_exception(e)
         ^^^^^^^^^^^^^^^^^^^^^^^^^^^^^
  File "/usr/local/lib/python3.11/site-packages/flask/app.py", line 867, in full_dispatch_request
    rv = self.dispatch_request()
         ^^^^^^^^^^^^^^^^^^^^^^^
  File "/usr/local/lib/python3.11/site-packages/flask/app.py", line 852, in dispatch_request
    return self.ensure_sync(self.view_functions[rule.endpoint])(**view_args)
           ^^^^^^^^^^^^^^^^^^^^^^^^^^^^^^^^^^^^^^^^^^^^^^^^^^^^^^^^^^^^^^^^^
  File "/usr/local/lib/python3.11/site-packages/flask_login/utils.py", line 290, in decorated_view
    return current_app.ensure_sync(func)(*args, **kwargs)
           ^^^^^^^^^^^^^^^^^^^^^^^^^^^^^^^^^^^^^^^^^^^^^^
  File "/app/utils.py", line 151, in decorated_function
    return f(*args, **kwargs)
           ^^^^^^^^^^^^^^^^^^
  File "/app/app.py", line 398, in share_trip
    return render_template('trips/share.html', trip=trip, shares=shares)
           ^^^^^^^^^^^^^^^^^^^^^^^^^^^^^^^^^^^^^^^^^^^^^^^^^^^^^^^^^^^^^
  File "/usr/local/lib/python3.11/site-packages/flask/templating.py", line 151, in render_template
    template = app.jinja_env.get_or_select_template(template_name_or_list)
               ^^^^^^^^^^^^^^^^^^^^^^^^^^^^^^^^^^^^^^^^^^^^^^^^^^^^^^^^^^^
  File "/usr/local/lib/python3.11/site-packages/jinja2/environment.py", line 1087, in get_or_select_template
    return self.get_template(template_name_or_list, parent, globals)
           ^^^^^^^^^^^^^^^^^^^^^^^^^^^^^^^^^^^^^^^^^^^^^^^^^^^^^^^^^
  File "/usr/local/lib/python3.11/site-packages/jinja2/environment.py", line 1016, in get_template
    return self._load_template(name, globals)
           ^^^^^^^^^^^^^^^^^^^^^^^^^^^^^^^^^^
  File "/usr/local/lib/python3.11/site-packages/jinja2/environment.py", line 975, in _load_template
    template = self.loader.load(self, name, self.make_globals(globals))
               ^^^^^^^^^^^^^^^^^^^^^^^^^^^^^^^^^^^^^^^^^^^^^^^^^^^^^^^^
  File "/usr/local/lib/python3.11/site-packages/jinja2/loaders.py", line 126, in load
    source, filename, uptodate = self.get_source(environment, name)
                                 ^^^^^^^^^^^^^^^^^^^^^^^^^^^^^^^^^^
  File "/usr/local/lib/python3.11/site-packages/flask/templating.py", line 65, in get_source
    return self._get_source_fast(environment, template)
           ^^^^^^^^^^^^^^^^^^^^^^^^^^^^^^^^^^^^^^^^^^^^
  File "/usr/local/lib/python3.11/site-packages/flask/templating.py", line 99, in _get_source_fast
    raise TemplateNotFound(template)
jinja2.exceptions.TemplateNotFound: trips/share.html
2025-12-12 07:38:14,672 INFO: Travel Tracker startup [in /app/app.py:55]
2025-12-12 07:38:24,981 INFO: Travel Tracker startup [in /app/app.py:55]
2025-12-12 07:39:16,254 INFO: Travel Tracker startup [in /app/app.py:55]
2025-12-12 07:39:55,625 INFO: Travel Tracker startup [in /app/app.py:55]
2025-12-12 07:40:16,137 INFO: Travel Tracker startup [in /app/app.py:55]
2025-12-12 17:36:11,208 INFO: Travel Tracker startup [in /app/app.py:55]
2025-12-12 17:36:12,750 INFO: Travel Tracker startup [in /app/app.py:55]
2025-12-12 17:36:29,564 INFO: Travel Tracker startup [in /app/app.py:55]
2025-12-12 17:36:30,550 INFO: Travel Tracker startup [in /app/app.py:55]
2025-12-12 17:36:30,596 INFO: Travel Tracker startup [in /app/app.py:55]
2025-12-12 17:36:30,725 INFO: Travel Tracker startup [in /app/app.py:55]
2025-12-12 17:36:30,744 INFO: Travel Tracker startup [in /app/app.py:55]
2025-12-12 17:38:40,025 INFO: Travel Tracker startup [in /app/app.py:55]
2025-12-12 17:38:41,561 INFO: Travel Tracker startup [in /app/app.py:55]
2025-12-12 17:38:42,913 INFO: Travel Tracker startup [in /app/app.py:55]
2025-12-12 17:38:59,733 INFO: Travel Tracker startup [in /app/app.py:55]
2025-12-12 17:39:00,862 INFO: Travel Tracker startup [in /app/app.py:55]
2025-12-12 17:39:01,006 INFO: Travel Tracker startup [in /app/app.py:55]
2025-12-12 17:39:01,019 INFO: Travel Tracker startup [in /app/app.py:55]
2025-12-12 17:39:01,085 INFO: Travel Tracker startup [in /app/app.py:55]
2025-12-12 17:39:40,325 INFO: Travel Tracker startup [in /app/app.py:55]
2025-12-12 17:39:42,260 INFO: Travel Tracker startup [in /app/app.py:55]
2025-12-12 17:39:59,405 INFO: Travel Tracker startup [in /app/app.py:55]
2025-12-12 17:40:00,675 INFO: Travel Tracker startup [in /app/app.py:55]
2025-12-12 17:40:00,683 INFO: Travel Tracker startup [in /app/app.py:55]
2025-12-12 17:40:00,717 INFO: Travel Tracker startup [in /app/app.py:55]
2025-12-12 17:40:00,734 INFO: Travel Tracker startup [in /app/app.py:55]
2025-12-12 18:06:06,796 INFO: Travel Tracker startup [in /app/app.py:55]
2025-12-12 18:06:07,806 INFO: Travel Tracker startup [in /app/app.py:55]
2025-12-12 18:06:07,927 INFO: Travel Tracker startup [in /app/app.py:55]
2025-12-12 18:06:08,080 INFO: Travel Tracker startup [in /app/app.py:55]
2025-12-12 18:06:08,087 INFO: Travel Tracker startup [in /app/app.py:55]
2025-12-12 18:16:12,618 INFO: Travel Tracker startup [in /app/app.py:55]
2025-12-12 18:16:13,671 INFO: Travel Tracker startup [in /app/app.py:55]
2025-12-12 18:16:13,696 INFO: Travel Tracker startup [in /app/app.py:55]
2025-12-12 18:16:13,721 INFO: Travel Tracker startup [in /app/app.py:55]
2025-12-12 18:16:13,814 INFO: Travel Tracker startup [in /app/app.py:55]
2025-12-12 18:19:34,273 ERROR: Exception on /settings/preferences [GET] [in /usr/local/lib/python3.11/site-packages/flask/app.py:825]
Traceback (most recent call last):
  File "/usr/local/lib/python3.11/site-packages/flask/app.py", line 1455, in wsgi_app
    response = self.full_dispatch_request()
               ^^^^^^^^^^^^^^^^^^^^^^^^^^^^
  File "/usr/local/lib/python3.11/site-packages/flask/app.py", line 869, in full_dispatch_request
    rv = self.handle_user_exception(e)
         ^^^^^^^^^^^^^^^^^^^^^^^^^^^^^
  File "/usr/local/lib/python3.11/site-packages/flask/app.py", line 867, in full_dispatch_request
    rv = self.dispatch_request()
         ^^^^^^^^^^^^^^^^^^^^^^^
  File "/usr/local/lib/python3.11/site-packages/flask/app.py", line 852, in dispatch_request
    return self.ensure_sync(self.view_functions[rule.endpoint])(**view_args)
           ^^^^^^^^^^^^^^^^^^^^^^^^^^^^^^^^^^^^^^^^^^^^^^^^^^^^^^^^^^^^^^^^^
  File "/usr/local/lib/python3.11/site-packages/flask_login/utils.py", line 290, in decorated_view
    return current_app.ensure_sync(func)(*args, **kwargs)
           ^^^^^^^^^^^^^^^^^^^^^^^^^^^^^^^^^^^^^^^^^^^^^^
  File "/app/app.py", line 681, in preferences_settings
    return render_template('settings/preferences.html', settings=settings)
           ^^^^^^^^^^^^^^^^^^^^^^^^^^^^^^^^^^^^^^^^^^^^^^^^^^^^^^^^^^^^^^^
  File "/usr/local/lib/python3.11/site-packages/flask/templating.py", line 151, in render_template
    template = app.jinja_env.get_or_select_template(template_name_or_list)
               ^^^^^^^^^^^^^^^^^^^^^^^^^^^^^^^^^^^^^^^^^^^^^^^^^^^^^^^^^^^
  File "/usr/local/lib/python3.11/site-packages/jinja2/environment.py", line 1087, in get_or_select_template
    return self.get_template(template_name_or_list, parent, globals)
           ^^^^^^^^^^^^^^^^^^^^^^^^^^^^^^^^^^^^^^^^^^^^^^^^^^^^^^^^^
  File "/usr/local/lib/python3.11/site-packages/jinja2/environment.py", line 1016, in get_template
    return self._load_template(name, globals)
           ^^^^^^^^^^^^^^^^^^^^^^^^^^^^^^^^^^
  File "/usr/local/lib/python3.11/site-packages/jinja2/environment.py", line 975, in _load_template
    template = self.loader.load(self, name, self.make_globals(globals))
               ^^^^^^^^^^^^^^^^^^^^^^^^^^^^^^^^^^^^^^^^^^^^^^^^^^^^^^^^
  File "/usr/local/lib/python3.11/site-packages/jinja2/loaders.py", line 126, in load
    source, filename, uptodate = self.get_source(environment, name)
                                 ^^^^^^^^^^^^^^^^^^^^^^^^^^^^^^^^^^
  File "/usr/local/lib/python3.11/site-packages/flask/templating.py", line 65, in get_source
    return self._get_source_fast(environment, template)
           ^^^^^^^^^^^^^^^^^^^^^^^^^^^^^^^^^^^^^^^^^^^^
  File "/usr/local/lib/python3.11/site-packages/flask/templating.py", line 99, in _get_source_fast
    raise TemplateNotFound(template)
jinja2.exceptions.TemplateNotFound: settings/preferences.html
2025-12-12 18:28:07,130 INFO: Travel Tracker startup [in /app/app.py:55]
2025-12-12 18:28:08,274 INFO: Travel Tracker startup [in /app/app.py:55]
2025-12-12 18:28:08,300 INFO: Travel Tracker startup [in /app/app.py:55]
2025-12-12 18:28:08,404 INFO: Travel Tracker startup [in /app/app.py:55]
2025-12-12 18:28:08,428 INFO: Travel Tracker startup [in /app/app.py:55]
2025-12-12 18:34:20,803 INFO: Travel Tracker startup [in /app/app.py:55]
2025-12-12 18:34:21,675 INFO: Travel Tracker startup [in /app/app.py:55]
2025-12-12 18:34:21,759 INFO: Travel Tracker startup [in /app/app.py:55]
2025-12-12 18:34:21,777 INFO: Travel Tracker startup [in /app/app.py:55]
2025-12-12 18:34:21,999 INFO: Travel Tracker startup [in /app/app.py:55]
2025-12-12 18:37:50,645 INFO: Travel Tracker startup [in /app/app.py:55]
2025-12-12 18:37:51,596 INFO: Travel Tracker startup [in /app/app.py:55]
2025-12-12 18:37:51,613 INFO: Travel Tracker startup [in /app/app.py:55]
2025-12-12 18:37:51,614 INFO: Travel Tracker startup [in /app/app.py:55]
2025-12-12 18:37:51,701 INFO: Travel Tracker startup [in /app/app.py:55]
2025-12-12 18:38:58,412 INFO: Travel Tracker startup [in /app/app.py:55]
2025-12-12 18:38:59,303 INFO: Travel Tracker startup [in /app/app.py:55]
2025-12-12 18:38:59,464 INFO: Travel Tracker startup [in /app/app.py:55]
2025-12-12 18:38:59,708 INFO: Travel Tracker startup [in /app/app.py:55]
2025-12-12 18:38:59,740 INFO: Travel Tracker startup [in /app/app.py:55]
2025-12-12 18:42:20,221 INFO: Travel Tracker startup [in /app/app.py:55]
2025-12-12 18:42:21,347 INFO: Travel Tracker startup [in /app/app.py:55]
2025-12-12 18:42:21,371 INFO: Travel Tracker startup [in /app/app.py:55]
2025-12-12 18:42:21,384 INFO: Travel Tracker startup [in /app/app.py:55]
2025-12-12 18:42:21,427 INFO: Travel Tracker startup [in /app/app.py:55]
2025-12-12 19:27:03,567 INFO: Travel Tracker startup [in /app/app.py:56]
2025-12-12 19:27:04,443 INFO: Travel Tracker startup [in /app/app.py:56]
2025-12-12 19:27:04,530 INFO: Travel Tracker startup [in /app/app.py:56]
2025-12-12 19:27:04,543 INFO: Travel Tracker startup [in /app/app.py:56]
2025-12-12 19:27:04,646 INFO: Travel Tracker startup [in /app/app.py:56]
2025-12-12 19:30:48,162 INFO: Travel Tracker startup [in /app/app.py:56]
2025-12-12 19:30:49,153 INFO: Travel Tracker startup [in /app/app.py:56]
2025-12-12 19:30:49,196 INFO: Travel Tracker startup [in /app/app.py:56]
2025-12-12 19:30:49,337 INFO: Travel Tracker startup [in /app/app.py:56]
2025-12-12 19:30:49,362 INFO: Travel Tracker startup [in /app/app.py:56]
2025-12-12 19:52:49,425 INFO: Travel Tracker startup [in /app/app.py:56]
2025-12-12 19:52:50,287 INFO: Travel Tracker startup [in /app/app.py:56]
2025-12-12 19:52:50,495 INFO: Travel Tracker startup [in /app/app.py:56]
2025-12-12 19:52:50,536 INFO: Travel Tracker startup [in /app/app.py:56]
2025-12-12 19:52:50,551 INFO: Travel Tracker startup [in /app/app.py:56]
2025-12-12 22:13:51,005 INFO: Travel Tracker startup [in /app/app.py:56]
2025-12-12 22:13:51,880 INFO: Travel Tracker startup [in /app/app.py:56]
2025-12-12 22:13:51,912 INFO: Travel Tracker startup [in /app/app.py:56]
2025-12-12 22:13:51,962 INFO: Travel Tracker startup [in /app/app.py:56]
2025-12-12 22:13:51,991 INFO: Travel Tracker startup [in /app/app.py:56]
2025-12-12 22:26:56,197 INFO: Travel Tracker startup [in /app/app.py:56]
2025-12-12 22:26:57,113 INFO: Travel Tracker startup [in /app/app.py:56]
2025-12-12 22:26:57,197 INFO: Travel Tracker startup [in /app/app.py:56]
2025-12-12 22:26:57,396 INFO: Travel Tracker startup [in /app/app.py:56]
2025-12-12 22:26:57,519 INFO: Travel Tracker startup [in /app/app.py:56]
2025-12-12 22:48:39,555 INFO: Travel Tracker startup [in /app/app.py:56]
2025-12-12 22:48:40,463 INFO: Travel Tracker startup [in /app/app.py:56]
2025-12-12 22:48:40,517 INFO: Travel Tracker startup [in /app/app.py:56]
2025-12-12 22:48:40,560 INFO: Travel Tracker startup [in /app/app.py:56]
2025-12-12 22:48:40,567 INFO: Travel Tracker startup [in /app/app.py:56]
2025-12-12 23:12:15,758 INFO: Travel Tracker startup [in /app/app.py:56]
2025-12-12 23:12:16,652 INFO: Travel Tracker startup [in /app/app.py:56]
2025-12-12 23:12:16,679 INFO: Travel Tracker startup [in /app/app.py:56]
2025-12-12 23:12:16,736 INFO: Travel Tracker startup [in /app/app.py:56]
2025-12-12 23:12:16,782 INFO: Travel Tracker startup [in /app/app.py:56]
2025-12-12 23:19:02,838 INFO: Travel Tracker startup [in /app/app.py:56]
2025-12-12 23:19:04,109 INFO: Travel Tracker startup [in /app/app.py:56]
2025-12-12 23:19:04,140 INFO: Travel Tracker startup [in /app/app.py:56]
2025-12-12 23:19:04,174 INFO: Travel Tracker startup [in /app/app.py:56]
2025-12-12 23:19:04,225 INFO: Travel Tracker startup [in /app/app.py:56]
2025-12-12 23:43:14,987 INFO: Travel Tracker startup [in /app/app.py:56]
2025-12-12 23:43:15,790 INFO: Travel Tracker startup [in /app/app.py:56]
2025-12-12 23:43:15,812 INFO: Travel Tracker startup [in /app/app.py:56]
2025-12-12 23:43:16,001 INFO: Travel Tracker startup [in /app/app.py:56]
2025-12-12 23:43:16,026 INFO: Travel Tracker startup [in /app/app.py:56]
2025-12-22 16:46:41,465 INFO: Travel Tracker startup [in /app/app.py:56]
2025-12-22 16:46:42,406 INFO: Travel Tracker startup [in /app/app.py:56]
2025-12-22 16:46:42,429 INFO: Travel Tracker startup [in /app/app.py:56]
2025-12-22 16:46:42,504 INFO: Travel Tracker startup [in /app/app.py:56]
2025-12-22 16:46:42,603 INFO: Travel Tracker startup [in /app/app.py:56]
2025-12-22 16:48:52,306 INFO: Travel Tracker startup [in /app/app.py:56]
2025-12-22 16:48:53,311 INFO: Travel Tracker startup [in /app/app.py:56]
2025-12-22 16:48:53,359 INFO: Travel Tracker startup [in /app/app.py:56]
2025-12-22 16:48:53,417 INFO: Travel Tracker startup [in /app/app.py:56]
2025-12-22 16:48:53,429 INFO: Travel Tracker startup [in /app/app.py:56]
2025-12-22 16:53:44,351 INFO: Travel Tracker startup [in /app/app.py:56]
2025-12-22 16:53:45,340 INFO: Travel Tracker startup [in /app/app.py:56]
2025-12-22 16:53:45,351 INFO: Travel Tracker startup [in /app/app.py:56]
2025-12-22 16:53:45,380 INFO: Travel Tracker startup [in /app/app.py:56]
2025-12-22 16:53:45,480 INFO: Travel Tracker startup [in /app/app.py:56]
2025-12-22 17:02:09,705 INFO: Travel Tracker startup [in /app/app.py:56]
2025-12-22 17:02:10,648 INFO: Travel Tracker startup [in /app/app.py:56]
2025-12-22 17:02:10,742 INFO: Travel Tracker startup [in /app/app.py:56]
2025-12-22 17:02:10,801 INFO: Travel Tracker startup [in /app/app.py:56]
2025-12-22 17:02:10,966 INFO: Travel Tracker startup [in /app/app.py:56]
2025-12-22 17:11:47,074 INFO: Travel Tracker startup [in /app/app.py:56]
2025-12-22 17:11:47,962 INFO: Travel Tracker startup [in /app/app.py:56]
2025-12-22 17:11:47,968 INFO: Travel Tracker startup [in /app/app.py:56]
2025-12-22 17:11:47,981 INFO: Travel Tracker startup [in /app/app.py:56]
2025-12-22 17:11:48,088 INFO: Travel Tracker startup [in /app/app.py:56]
2025-12-22 17:17:51,436 INFO: Travel Tracker startup [in /app/app.py:56]
2025-12-22 17:17:52,333 INFO: Travel Tracker startup [in /app/app.py:56]
2025-12-22 17:17:52,461 INFO: Travel Tracker startup [in /app/app.py:56]
2025-12-22 17:17:52,507 INFO: Travel Tracker startup [in /app/app.py:56]
2025-12-22 17:17:52,575 INFO: Travel Tracker startup [in /app/app.py:56]
2025-12-22 17:22:35,476 ERROR: Exception on /trips/8/accommodation/add [GET] [in /usr/local/lib/python3.11/site-packages/flask/app.py:825]
Traceback (most recent call last):
  File "/usr/local/lib/python3.11/site-packages/flask/app.py", line 1455, in wsgi_app
    response = self.full_dispatch_request()
               ^^^^^^^^^^^^^^^^^^^^^^^^^^^^
  File "/usr/local/lib/python3.11/site-packages/flask/app.py", line 869, in full_dispatch_request
    rv = self.handle_user_exception(e)
         ^^^^^^^^^^^^^^^^^^^^^^^^^^^^^
  File "/usr/local/lib/python3.11/site-packages/flask/app.py", line 867, in full_dispatch_request
    rv = self.dispatch_request()
         ^^^^^^^^^^^^^^^^^^^^^^^
  File "/usr/local/lib/python3.11/site-packages/flask/app.py", line 852, in dispatch_request
    return self.ensure_sync(self.view_functions[rule.endpoint])(**view_args)
           ^^^^^^^^^^^^^^^^^^^^^^^^^^^^^^^^^^^^^^^^^^^^^^^^^^^^^^^^^^^^^^^^^
  File "/usr/local/lib/python3.11/site-packages/flask_login/utils.py", line 290, in decorated_view
    return current_app.ensure_sync(func)(*args, **kwargs)
           ^^^^^^^^^^^^^^^^^^^^^^^^^^^^^^^^^^^^^^^^^^^^^^
  File "/app/utils.py", line 152, in decorated_function
    return f(*args, **kwargs)
           ^^^^^^^^^^^^^^^^^^
  File "/app/app.py", line 335, in add_accommodation
    return render_template('trips/add_accommodation.html', trip=trip)
           ^^^^^^^^^^^^^^^^^^^^^^^^^^^^^^^^^^^^^^^^^^^^^^^^^^^^^^^^^^
  File "/usr/local/lib/python3.11/site-packages/flask/templating.py", line 151, in render_template
    template = app.jinja_env.get_or_select_template(template_name_or_list)
               ^^^^^^^^^^^^^^^^^^^^^^^^^^^^^^^^^^^^^^^^^^^^^^^^^^^^^^^^^^^
  File "/usr/local/lib/python3.11/site-packages/jinja2/environment.py", line 1087, in get_or_select_template
    return self.get_template(template_name_or_list, parent, globals)
           ^^^^^^^^^^^^^^^^^^^^^^^^^^^^^^^^^^^^^^^^^^^^^^^^^^^^^^^^^
  File "/usr/local/lib/python3.11/site-packages/jinja2/environment.py", line 1016, in get_template
    return self._load_template(name, globals)
           ^^^^^^^^^^^^^^^^^^^^^^^^^^^^^^^^^^
  File "/usr/local/lib/python3.11/site-packages/jinja2/environment.py", line 975, in _load_template
    template = self.loader.load(self, name, self.make_globals(globals))
               ^^^^^^^^^^^^^^^^^^^^^^^^^^^^^^^^^^^^^^^^^^^^^^^^^^^^^^^^
  File "/usr/local/lib/python3.11/site-packages/jinja2/loaders.py", line 126, in load
    source, filename, uptodate = self.get_source(environment, name)
                                 ^^^^^^^^^^^^^^^^^^^^^^^^^^^^^^^^^^
  File "/usr/local/lib/python3.11/site-packages/flask/templating.py", line 65, in get_source
    return self._get_source_fast(environment, template)
           ^^^^^^^^^^^^^^^^^^^^^^^^^^^^^^^^^^^^^^^^^^^^
  File "/usr/local/lib/python3.11/site-packages/flask/templating.py", line 99, in _get_source_fast
    raise TemplateNotFound(template)
jinja2.exceptions.TemplateNotFound: trips/add_accommodation.html
2025-12-22 17:25:32,570 INFO: Travel Tracker startup [in /app/app.py:56]
2025-12-22 17:38:21,676 INFO: Travel Tracker startup [in /app/app.py:56]
2025-12-22 17:38:22,687 INFO: Travel Tracker startup [in /app/app.py:56]
2025-12-22 17:38:22,747 INFO: Travel Tracker startup [in /app/app.py:56]
2025-12-22 17:38:22,832 INFO: Travel Tracker startup [in /app/app.py:56]
2025-12-22 17:38:22,988 INFO: Travel Tracker startup [in /app/app.py:56]
2025-12-22 17:59:02,509 INFO: Travel Tracker startup [in /app/app.py:56]
2025-12-22 17:59:03,597 INFO: Travel Tracker startup [in /app/app.py:56]
2025-12-22 17:59:03,599 INFO: Travel Tracker startup [in /app/app.py:56]
2025-12-22 17:59:03,685 INFO: Travel Tracker startup [in /app/app.py:56]
2025-12-22 17:59:03,753 INFO: Travel Tracker startup [in /app/app.py:56]
2025-12-22 18:19:32,361 INFO: Travel Tracker startup [in /app/app.py:56]
2025-12-22 18:19:33,466 INFO: Travel Tracker startup [in /app/app.py:56]
2025-12-22 18:19:33,539 INFO: Travel Tracker startup [in /app/app.py:56]
2025-12-22 18:19:33,575 INFO: Travel Tracker startup [in /app/app.py:56]
2025-12-22 18:19:33,585 INFO: Travel Tracker startup [in /app/app.py:56]
2025-12-22 18:21:53,155 INFO: Travel Tracker startup [in /app/app.py:56]
2025-12-22 18:21:54,397 INFO: Travel Tracker startup [in /app/app.py:56]
2025-12-22 18:21:54,424 INFO: Travel Tracker startup [in /app/app.py:56]
2025-12-22 18:21:54,595 INFO: Travel Tracker startup [in /app/app.py:56]
2025-12-22 18:21:54,693 INFO: Travel Tracker startup [in /app/app.py:56]
2025-12-22 18:25:57,742 INFO: Travel Tracker startup [in /app/app.py:56]
2025-12-22 18:25:58,720 INFO: Travel Tracker startup [in /app/app.py:56]
2025-12-22 18:25:58,872 INFO: Travel Tracker startup [in /app/app.py:56]
2025-12-22 18:25:58,882 INFO: Travel Tracker startup [in /app/app.py:56]
2025-12-22 18:25:58,972 INFO: Travel Tracker startup [in /app/app.py:56]
2025-12-22 19:20:29,924 ERROR: Exception on /trips/13/share [GET] [in /usr/local/lib/python3.11/site-packages/flask/app.py:825]
Traceback (most recent call last):
  File "/usr/local/lib/python3.11/site-packages/flask/app.py", line 1455, in wsgi_app
    response = self.full_dispatch_request()
               ^^^^^^^^^^^^^^^^^^^^^^^^^^^^
  File "/usr/local/lib/python3.11/site-packages/flask/app.py", line 869, in full_dispatch_request
    rv = self.handle_user_exception(e)
         ^^^^^^^^^^^^^^^^^^^^^^^^^^^^^
  File "/usr/local/lib/python3.11/site-packages/flask/app.py", line 867, in full_dispatch_request
    rv = self.dispatch_request()
         ^^^^^^^^^^^^^^^^^^^^^^^
  File "/usr/local/lib/python3.11/site-packages/flask/app.py", line 852, in dispatch_request
    return self.ensure_sync(self.view_functions[rule.endpoint])(**view_args)
           ^^^^^^^^^^^^^^^^^^^^^^^^^^^^^^^^^^^^^^^^^^^^^^^^^^^^^^^^^^^^^^^^^
  File "/usr/local/lib/python3.11/site-packages/flask_login/utils.py", line 290, in decorated_view
    return current_app.ensure_sync(func)(*args, **kwargs)
           ^^^^^^^^^^^^^^^^^^^^^^^^^^^^^^^^^^^^^^^^^^^^^^
  File "/app/utils.py", line 152, in decorated_function
    return f(*args, **kwargs)
           ^^^^^^^^^^^^^^^^^^
  File "/app/app.py", line 399, in share_trip
    return render_template('trips/share.html', trip=trip, shares=shares)
           ^^^^^^^^^^^^^^^^^^^^^^^^^^^^^^^^^^^^^^^^^^^^^^^^^^^^^^^^^^^^^
  File "/usr/local/lib/python3.11/site-packages/flask/templating.py", line 151, in render_template
    template = app.jinja_env.get_or_select_template(template_name_or_list)
               ^^^^^^^^^^^^^^^^^^^^^^^^^^^^^^^^^^^^^^^^^^^^^^^^^^^^^^^^^^^
  File "/usr/local/lib/python3.11/site-packages/jinja2/environment.py", line 1087, in get_or_select_template
    return self.get_template(template_name_or_list, parent, globals)
           ^^^^^^^^^^^^^^^^^^^^^^^^^^^^^^^^^^^^^^^^^^^^^^^^^^^^^^^^^
  File "/usr/local/lib/python3.11/site-packages/jinja2/environment.py", line 1016, in get_template
    return self._load_template(name, globals)
           ^^^^^^^^^^^^^^^^^^^^^^^^^^^^^^^^^^
  File "/usr/local/lib/python3.11/site-packages/jinja2/environment.py", line 975, in _load_template
    template = self.loader.load(self, name, self.make_globals(globals))
               ^^^^^^^^^^^^^^^^^^^^^^^^^^^^^^^^^^^^^^^^^^^^^^^^^^^^^^^^
  File "/usr/local/lib/python3.11/site-packages/jinja2/loaders.py", line 126, in load
    source, filename, uptodate = self.get_source(environment, name)
                                 ^^^^^^^^^^^^^^^^^^^^^^^^^^^^^^^^^^
  File "/usr/local/lib/python3.11/site-packages/flask/templating.py", line 65, in get_source
    return self._get_source_fast(environment, template)
           ^^^^^^^^^^^^^^^^^^^^^^^^^^^^^^^^^^^^^^^^^^^^
  File "/usr/local/lib/python3.11/site-packages/flask/templating.py", line 99, in _get_source_fast
    raise TemplateNotFound(template)
jinja2.exceptions.TemplateNotFound: trips/share.html
2025-12-22 19:38:07,974 ERROR: Exception on /trips/13/share [GET] [in /usr/local/lib/python3.11/site-packages/flask/app.py:825]
Traceback (most recent call last):
  File "/usr/local/lib/python3.11/site-packages/flask/app.py", line 1455, in wsgi_app
    response = self.full_dispatch_request()
               ^^^^^^^^^^^^^^^^^^^^^^^^^^^^
  File "/usr/local/lib/python3.11/site-packages/flask/app.py", line 869, in full_dispatch_request
    rv = self.handle_user_exception(e)
         ^^^^^^^^^^^^^^^^^^^^^^^^^^^^^
  File "/usr/local/lib/python3.11/site-packages/flask/app.py", line 867, in full_dispatch_request
    rv = self.dispatch_request()
         ^^^^^^^^^^^^^^^^^^^^^^^
  File "/usr/local/lib/python3.11/site-packages/flask/app.py", line 852, in dispatch_request
    return self.ensure_sync(self.view_functions[rule.endpoint])(**view_args)
           ^^^^^^^^^^^^^^^^^^^^^^^^^^^^^^^^^^^^^^^^^^^^^^^^^^^^^^^^^^^^^^^^^
  File "/usr/local/lib/python3.11/site-packages/flask_login/utils.py", line 290, in decorated_view
    return current_app.ensure_sync(func)(*args, **kwargs)
           ^^^^^^^^^^^^^^^^^^^^^^^^^^^^^^^^^^^^^^^^^^^^^^
  File "/app/utils.py", line 152, in decorated_function
    return f(*args, **kwargs)
           ^^^^^^^^^^^^^^^^^^
  File "/app/app.py", line 399, in share_trip
    return render_template('trips/share.html', trip=trip, shares=shares)
           ^^^^^^^^^^^^^^^^^^^^^^^^^^^^^^^^^^^^^^^^^^^^^^^^^^^^^^^^^^^^^
  File "/usr/local/lib/python3.11/site-packages/flask/templating.py", line 151, in render_template
    template = app.jinja_env.get_or_select_template(template_name_or_list)
               ^^^^^^^^^^^^^^^^^^^^^^^^^^^^^^^^^^^^^^^^^^^^^^^^^^^^^^^^^^^
  File "/usr/local/lib/python3.11/site-packages/jinja2/environment.py", line 1087, in get_or_select_template
    return self.get_template(template_name_or_list, parent, globals)
           ^^^^^^^^^^^^^^^^^^^^^^^^^^^^^^^^^^^^^^^^^^^^^^^^^^^^^^^^^
  File "/usr/local/lib/python3.11/site-packages/jinja2/environment.py", line 1016, in get_template
    return self._load_template(name, globals)
           ^^^^^^^^^^^^^^^^^^^^^^^^^^^^^^^^^^
  File "/usr/local/lib/python3.11/site-packages/jinja2/environment.py", line 975, in _load_template
    template = self.loader.load(self, name, self.make_globals(globals))
               ^^^^^^^^^^^^^^^^^^^^^^^^^^^^^^^^^^^^^^^^^^^^^^^^^^^^^^^^
  File "/usr/local/lib/python3.11/site-packages/jinja2/loaders.py", line 126, in load
    source, filename, uptodate = self.get_source(environment, name)
                                 ^^^^^^^^^^^^^^^^^^^^^^^^^^^^^^^^^^
  File "/usr/local/lib/python3.11/site-packages/flask/templating.py", line 65, in get_source
    return self._get_source_fast(environment, template)
           ^^^^^^^^^^^^^^^^^^^^^^^^^^^^^^^^^^^^^^^^^^^^
  File "/usr/local/lib/python3.11/site-packages/flask/templating.py", line 99, in _get_source_fast
    raise TemplateNotFound(template)
jinja2.exceptions.TemplateNotFound: trips/share.html
2025-12-22 20:08:13,683 INFO: Travel Tracker startup [in /app/app.py:56]
2025-12-22 20:08:14,601 INFO: Travel Tracker startup [in /app/app.py:56]
2025-12-22 20:08:14,755 INFO: Travel Tracker startup [in /app/app.py:56]
2025-12-22 20:08:14,765 INFO: Travel Tracker startup [in /app/app.py:56]
2025-12-22 20:08:14,821 INFO: Travel Tracker startup [in /app/app.py:56]
2025-12-22 20:10:51,546 INFO: Travel Tracker startup [in /app/app.py:56]
2025-12-22 20:10:52,754 INFO: Travel Tracker startup [in /app/app.py:56]
2025-12-22 20:10:52,776 INFO: Travel Tracker startup [in /app/app.py:56]
2025-12-22 20:10:52,783 INFO: Travel Tracker startup [in /app/app.py:56]
2025-12-22 20:10:52,887 INFO: Travel Tracker startup [in /app/app.py:56]
2025-12-22 20:23:18,424 INFO: Travel Tracker startup [in /app/app.py:56]
2025-12-22 20:23:19,561 INFO: Travel Tracker startup [in /app/app.py:56]
2025-12-22 20:23:19,617 INFO: Travel Tracker startup [in /app/app.py:56]
2025-12-22 20:23:19,689 INFO: Travel Tracker startup [in /app/app.py:56]
2025-12-22 20:23:19,705 INFO: Travel Tracker startup [in /app/app.py:56]
2025-12-22 20:24:55,951 INFO: Travel Tracker startup [in /app/app.py:56]
2025-12-22 20:24:56,995 INFO: Travel Tracker startup [in /app/app.py:56]
2025-12-22 20:24:57,069 INFO: Travel Tracker startup [in /app/app.py:56]
2025-12-22 20:24:57,111 INFO: Travel Tracker startup [in /app/app.py:56]
2025-12-22 20:24:57,135 INFO: Travel Tracker startup [in /app/app.py:56]
2025-12-22 20:28:08,583 ERROR: Exception on /trips/5/accommodation/add [GET] [in /usr/local/lib/python3.11/site-packages/flask/app.py:825]
Traceback (most recent call last):
  File "/usr/local/lib/python3.11/site-packages/flask/app.py", line 1455, in wsgi_app
    response = self.full_dispatch_request()
               ^^^^^^^^^^^^^^^^^^^^^^^^^^^^
  File "/usr/local/lib/python3.11/site-packages/flask/app.py", line 869, in full_dispatch_request
    rv = self.handle_user_exception(e)
         ^^^^^^^^^^^^^^^^^^^^^^^^^^^^^
  File "/usr/local/lib/python3.11/site-packages/flask/app.py", line 867, in full_dispatch_request
    rv = self.dispatch_request()
         ^^^^^^^^^^^^^^^^^^^^^^^
  File "/usr/local/lib/python3.11/site-packages/flask/app.py", line 852, in dispatch_request
    return self.ensure_sync(self.view_functions[rule.endpoint])(**view_args)
           ^^^^^^^^^^^^^^^^^^^^^^^^^^^^^^^^^^^^^^^^^^^^^^^^^^^^^^^^^^^^^^^^^
  File "/usr/local/lib/python3.11/site-packages/flask_login/utils.py", line 290, in decorated_view
    return current_app.ensure_sync(func)(*args, **kwargs)
           ^^^^^^^^^^^^^^^^^^^^^^^^^^^^^^^^^^^^^^^^^^^^^^
  File "/app/utils.py", line 152, in decorated_function
    return f(*args, **kwargs)
           ^^^^^^^^^^^^^^^^^^
  File "/app/app.py", line 335, in add_accommodation
    return render_template('trips/add_accommodation.html', trip=trip)
           ^^^^^^^^^^^^^^^^^^^^^^^^^^^^^^^^^^^^^^^^^^^^^^^^^^^^^^^^^^
  File "/usr/local/lib/python3.11/site-packages/flask/templating.py", line 151, in render_template
    template = app.jinja_env.get_or_select_template(template_name_or_list)
               ^^^^^^^^^^^^^^^^^^^^^^^^^^^^^^^^^^^^^^^^^^^^^^^^^^^^^^^^^^^
  File "/usr/local/lib/python3.11/site-packages/jinja2/environment.py", line 1087, in get_or_select_template
    return self.get_template(template_name_or_list, parent, globals)
           ^^^^^^^^^^^^^^^^^^^^^^^^^^^^^^^^^^^^^^^^^^^^^^^^^^^^^^^^^
  File "/usr/local/lib/python3.11/site-packages/jinja2/environment.py", line 1016, in get_template
    return self._load_template(name, globals)
           ^^^^^^^^^^^^^^^^^^^^^^^^^^^^^^^^^^
  File "/usr/local/lib/python3.11/site-packages/jinja2/environment.py", line 975, in _load_template
    template = self.loader.load(self, name, self.make_globals(globals))
               ^^^^^^^^^^^^^^^^^^^^^^^^^^^^^^^^^^^^^^^^^^^^^^^^^^^^^^^^
  File "/usr/local/lib/python3.11/site-packages/jinja2/loaders.py", line 126, in load
    source, filename, uptodate = self.get_source(environment, name)
                                 ^^^^^^^^^^^^^^^^^^^^^^^^^^^^^^^^^^
  File "/usr/local/lib/python3.11/site-packages/flask/templating.py", line 65, in get_source
    return self._get_source_fast(environment, template)
           ^^^^^^^^^^^^^^^^^^^^^^^^^^^^^^^^^^^^^^^^^^^^
  File "/usr/local/lib/python3.11/site-packages/flask/templating.py", line 99, in _get_source_fast
    raise TemplateNotFound(template)
jinja2.exceptions.TemplateNotFound: trips/add_accommodation.html
2025-12-22 20:39:25,680 INFO: Travel Tracker startup [in /app/app.py:56]
2025-12-22 20:39:26,685 INFO: Travel Tracker startup [in /app/app.py:56]
2025-12-22 20:39:26,753 INFO: Travel Tracker startup [in /app/app.py:56]
2025-12-22 20:39:26,755 INFO: Travel Tracker startup [in /app/app.py:56]
2025-12-22 20:39:26,949 INFO: Travel Tracker startup [in /app/app.py:56]
2025-12-22 20:39:34,576 ERROR: Exception on /dashboard [GET] [in /usr/local/lib/python3.11/site-packages/flask/app.py:825]
Traceback (most recent call last):
  File "/usr/local/lib/python3.11/site-packages/flask/app.py", line 1455, in wsgi_app
    response = self.full_dispatch_request()
               ^^^^^^^^^^^^^^^^^^^^^^^^^^^^
  File "/usr/local/lib/python3.11/site-packages/flask/app.py", line 869, in full_dispatch_request
    rv = self.handle_user_exception(e)
         ^^^^^^^^^^^^^^^^^^^^^^^^^^^^^
  File "/usr/local/lib/python3.11/site-packages/flask/app.py", line 867, in full_dispatch_request
    rv = self.dispatch_request()
         ^^^^^^^^^^^^^^^^^^^^^^^
  File "/usr/local/lib/python3.11/site-packages/flask/app.py", line 852, in dispatch_request
    return self.ensure_sync(self.view_functions[rule.endpoint])(**view_args)
           ^^^^^^^^^^^^^^^^^^^^^^^^^^^^^^^^^^^^^^^^^^^^^^^^^^^^^^^^^^^^^^^^^
  File "/usr/local/lib/python3.11/site-packages/flask_login/utils.py", line 290, in decorated_view
    return current_app.ensure_sync(func)(*args, **kwargs)
           ^^^^^^^^^^^^^^^^^^^^^^^^^^^^^^^^^^^^^^^^^^^^^^
  File "/app/app.py", line 110, in dashboard
    return render_template(
           ^^^^^^^^^^^^^^^^
  File "/usr/local/lib/python3.11/site-packages/flask/templating.py", line 152, in render_template
    return _render(app, template, context)
           ^^^^^^^^^^^^^^^^^^^^^^^^^^^^^^^
  File "/usr/local/lib/python3.11/site-packages/flask/templating.py", line 133, in _render
    rv = template.render(context)
         ^^^^^^^^^^^^^^^^^^^^^^^^
  File "/usr/local/lib/python3.11/site-packages/jinja2/environment.py", line 1295, in render
    self.environment.handle_exception()
  File "/usr/local/lib/python3.11/site-packages/jinja2/environment.py", line 942, in handle_exception
    raise rewrite_traceback_stack(source=source)
  File "/app/templates/dashboard.html", line 2, in top-level template code
    {% extends "base.html" %}
  File "/app/templates/base.html", line 161, in top-level template code
    {% block content %}{% endblock %}
    ^^^^^^^^^^^^^^^^^^^^^^^^^
  File "/app/templates/dashboard.html", line 122, in block 'content'
    {% set now = now() %}
  File "/usr/local/lib/python3.11/site-packages/jinja2/utils.py", line 92, in from_obj
    if hasattr(obj, "jinja_pass_arg"):
       ^^^^^^^^^^^^^^^^^^^^^^^^^^^^^^
jinja2.exceptions.UndefinedError: 'now' is undefined
2025-12-22 20:39:44,167 ERROR: Exception on /dashboard [GET] [in /usr/local/lib/python3.11/site-packages/flask/app.py:825]
Traceback (most recent call last):
  File "/usr/local/lib/python3.11/site-packages/flask/app.py", line 1455, in wsgi_app
    response = self.full_dispatch_request()
               ^^^^^^^^^^^^^^^^^^^^^^^^^^^^
  File "/usr/local/lib/python3.11/site-packages/flask/app.py", line 869, in full_dispatch_request
    rv = self.handle_user_exception(e)
         ^^^^^^^^^^^^^^^^^^^^^^^^^^^^^
  File "/usr/local/lib/python3.11/site-packages/flask/app.py", line 867, in full_dispatch_request
    rv = self.dispatch_request()
         ^^^^^^^^^^^^^^^^^^^^^^^
  File "/usr/local/lib/python3.11/site-packages/flask/app.py", line 852, in dispatch_request
    return self.ensure_sync(self.view_functions[rule.endpoint])(**view_args)
           ^^^^^^^^^^^^^^^^^^^^^^^^^^^^^^^^^^^^^^^^^^^^^^^^^^^^^^^^^^^^^^^^^
  File "/usr/local/lib/python3.11/site-packages/flask_login/utils.py", line 290, in decorated_view
    return current_app.ensure_sync(func)(*args, **kwargs)
           ^^^^^^^^^^^^^^^^^^^^^^^^^^^^^^^^^^^^^^^^^^^^^^
  File "/app/app.py", line 110, in dashboard
    return render_template(
           ^^^^^^^^^^^^^^^^
  File "/usr/local/lib/python3.11/site-packages/flask/templating.py", line 152, in render_template
    return _render(app, template, context)
           ^^^^^^^^^^^^^^^^^^^^^^^^^^^^^^^
  File "/usr/local/lib/python3.11/site-packages/flask/templating.py", line 133, in _render
    rv = template.render(context)
         ^^^^^^^^^^^^^^^^^^^^^^^^
  File "/usr/local/lib/python3.11/site-packages/jinja2/environment.py", line 1295, in render
    self.environment.handle_exception()
  File "/usr/local/lib/python3.11/site-packages/jinja2/environment.py", line 942, in handle_exception
    raise rewrite_traceback_stack(source=source)
  File "/app/templates/dashboard.html", line 2, in top-level template code
    {% extends "base.html" %}
  File "/app/templates/base.html", line 161, in top-level template code
    {% block content %}{% endblock %}
    ^^^^^^^^^^^^^^^^^^^^^^^^^
  File "/app/templates/dashboard.html", line 122, in block 'content'
    {% set now = now() %}
  File "/usr/local/lib/python3.11/site-packages/jinja2/utils.py", line 92, in from_obj
    if hasattr(obj, "jinja_pass_arg"):
       ^^^^^^^^^^^^^^^^^^^^^^^^^^^^^^
jinja2.exceptions.UndefinedError: 'now' is undefined
2025-12-22 20:39:45,364 ERROR: Exception on /dashboard [GET] [in /usr/local/lib/python3.11/site-packages/flask/app.py:825]
Traceback (most recent call last):
  File "/usr/local/lib/python3.11/site-packages/flask/app.py", line 1455, in wsgi_app
    response = self.full_dispatch_request()
               ^^^^^^^^^^^^^^^^^^^^^^^^^^^^
  File "/usr/local/lib/python3.11/site-packages/flask/app.py", line 869, in full_dispatch_request
    rv = self.handle_user_exception(e)
         ^^^^^^^^^^^^^^^^^^^^^^^^^^^^^
  File "/usr/local/lib/python3.11/site-packages/flask/app.py", line 867, in full_dispatch_request
    rv = self.dispatch_request()
         ^^^^^^^^^^^^^^^^^^^^^^^
  File "/usr/local/lib/python3.11/site-packages/flask/app.py", line 852, in dispatch_request
    return self.ensure_sync(self.view_functions[rule.endpoint])(**view_args)
           ^^^^^^^^^^^^^^^^^^^^^^^^^^^^^^^^^^^^^^^^^^^^^^^^^^^^^^^^^^^^^^^^^
  File "/usr/local/lib/python3.11/site-packages/flask_login/utils.py", line 290, in decorated_view
    return current_app.ensure_sync(func)(*args, **kwargs)
           ^^^^^^^^^^^^^^^^^^^^^^^^^^^^^^^^^^^^^^^^^^^^^^
  File "/app/app.py", line 110, in dashboard
    return render_template(
           ^^^^^^^^^^^^^^^^
  File "/usr/local/lib/python3.11/site-packages/flask/templating.py", line 152, in render_template
    return _render(app, template, context)
           ^^^^^^^^^^^^^^^^^^^^^^^^^^^^^^^
  File "/usr/local/lib/python3.11/site-packages/flask/templating.py", line 133, in _render
    rv = template.render(context)
         ^^^^^^^^^^^^^^^^^^^^^^^^
  File "/usr/local/lib/python3.11/site-packages/jinja2/environment.py", line 1295, in render
    self.environment.handle_exception()
  File "/usr/local/lib/python3.11/site-packages/jinja2/environment.py", line 942, in handle_exception
    raise rewrite_traceback_stack(source=source)
  File "/app/templates/dashboard.html", line 2, in top-level template code
    {% extends "base.html" %}
  File "/app/templates/base.html", line 161, in top-level template code
    {% block content %}{% endblock %}
    ^^^^^^^^^^^^^^^^^^^^^^^^^
  File "/app/templates/dashboard.html", line 122, in block 'content'
    {% set now = now() %}
  File "/usr/local/lib/python3.11/site-packages/jinja2/utils.py", line 92, in from_obj
    if hasattr(obj, "jinja_pass_arg"):
       ^^^^^^^^^^^^^^^^^^^^^^^^^^^^^^
jinja2.exceptions.UndefinedError: 'now' is undefined
2025-12-22 20:48:34,576 INFO: Travel Tracker startup [in /app/app.py:56]
2025-12-22 20:48:35,627 INFO: Travel Tracker startup [in /app/app.py:56]
2025-12-22 20:48:35,636 INFO: Travel Tracker startup [in /app/app.py:56]
2025-12-22 20:48:35,683 INFO: Travel Tracker startup [in /app/app.py:56]
2025-12-22 20:48:35,770 INFO: Travel Tracker startup [in /app/app.py:56]
2025-12-22 20:48:39,795 ERROR: Exception on /dashboard [GET] [in /usr/local/lib/python3.11/site-packages/flask/app.py:825]
Traceback (most recent call last):
  File "/usr/local/lib/python3.11/site-packages/flask/app.py", line 1455, in wsgi_app
    response = self.full_dispatch_request()
               ^^^^^^^^^^^^^^^^^^^^^^^^^^^^
  File "/usr/local/lib/python3.11/site-packages/flask/app.py", line 869, in full_dispatch_request
    rv = self.handle_user_exception(e)
         ^^^^^^^^^^^^^^^^^^^^^^^^^^^^^
  File "/usr/local/lib/python3.11/site-packages/flask/app.py", line 867, in full_dispatch_request
    rv = self.dispatch_request()
         ^^^^^^^^^^^^^^^^^^^^^^^
  File "/usr/local/lib/python3.11/site-packages/flask/app.py", line 852, in dispatch_request
    return self.ensure_sync(self.view_functions[rule.endpoint])(**view_args)
           ^^^^^^^^^^^^^^^^^^^^^^^^^^^^^^^^^^^^^^^^^^^^^^^^^^^^^^^^^^^^^^^^^
  File "/usr/local/lib/python3.11/site-packages/flask_login/utils.py", line 290, in decorated_view
    return current_app.ensure_sync(func)(*args, **kwargs)
           ^^^^^^^^^^^^^^^^^^^^^^^^^^^^^^^^^^^^^^^^^^^^^^
  File "/app/app.py", line 110, in dashboard
    return render_template(
           ^^^^^^^^^^^^^^^^
  File "/usr/local/lib/python3.11/site-packages/flask/templating.py", line 152, in render_template
    return _render(app, template, context)
           ^^^^^^^^^^^^^^^^^^^^^^^^^^^^^^^
  File "/usr/local/lib/python3.11/site-packages/flask/templating.py", line 133, in _render
    rv = template.render(context)
         ^^^^^^^^^^^^^^^^^^^^^^^^
  File "/usr/local/lib/python3.11/site-packages/jinja2/environment.py", line 1295, in render
    self.environment.handle_exception()
  File "/usr/local/lib/python3.11/site-packages/jinja2/environment.py", line 942, in handle_exception
    raise rewrite_traceback_stack(source=source)
  File "/app/templates/dashboard.html", line 2, in top-level template code
    {% extends "base.html" %}
  File "/app/templates/base.html", line 161, in top-level template code
    {% block content %}{% endblock %}
    ^^^^^^^^^^^^^^^^^^^^^^^^^
  File "/app/templates/dashboard.html", line 122, in block 'content'
    {% set now = now() %}
  File "/usr/local/lib/python3.11/site-packages/jinja2/utils.py", line 92, in from_obj
    if hasattr(obj, "jinja_pass_arg"):
       ^^^^^^^^^^^^^^^^^^^^^^^^^^^^^^
jinja2.exceptions.UndefinedError: 'now' is undefined
2025-12-22 20:48:44,908 ERROR: Exception on /dashboard [GET] [in /usr/local/lib/python3.11/site-packages/flask/app.py:825]
Traceback (most recent call last):
  File "/usr/local/lib/python3.11/site-packages/flask/app.py", line 1455, in wsgi_app
    response = self.full_dispatch_request()
               ^^^^^^^^^^^^^^^^^^^^^^^^^^^^
  File "/usr/local/lib/python3.11/site-packages/flask/app.py", line 869, in full_dispatch_request
    rv = self.handle_user_exception(e)
         ^^^^^^^^^^^^^^^^^^^^^^^^^^^^^
  File "/usr/local/lib/python3.11/site-packages/flask/app.py", line 867, in full_dispatch_request
    rv = self.dispatch_request()
         ^^^^^^^^^^^^^^^^^^^^^^^
  File "/usr/local/lib/python3.11/site-packages/flask/app.py", line 852, in dispatch_request
    return self.ensure_sync(self.view_functions[rule.endpoint])(**view_args)
           ^^^^^^^^^^^^^^^^^^^^^^^^^^^^^^^^^^^^^^^^^^^^^^^^^^^^^^^^^^^^^^^^^
  File "/usr/local/lib/python3.11/site-packages/flask_login/utils.py", line 290, in decorated_view
    return current_app.ensure_sync(func)(*args, **kwargs)
           ^^^^^^^^^^^^^^^^^^^^^^^^^^^^^^^^^^^^^^^^^^^^^^
  File "/app/app.py", line 110, in dashboard
    return render_template(
           ^^^^^^^^^^^^^^^^
  File "/usr/local/lib/python3.11/site-packages/flask/templating.py", line 152, in render_template
    return _render(app, template, context)
           ^^^^^^^^^^^^^^^^^^^^^^^^^^^^^^^
  File "/usr/local/lib/python3.11/site-packages/flask/templating.py", line 133, in _render
    rv = template.render(context)
         ^^^^^^^^^^^^^^^^^^^^^^^^
  File "/usr/local/lib/python3.11/site-packages/jinja2/environment.py", line 1295, in render
    self.environment.handle_exception()
  File "/usr/local/lib/python3.11/site-packages/jinja2/environment.py", line 942, in handle_exception
    raise rewrite_traceback_stack(source=source)
  File "/app/templates/dashboard.html", line 2, in top-level template code
    {% extends "base.html" %}
  File "/app/templates/base.html", line 161, in top-level template code
    {% block content %}{% endblock %}
    ^^^^^^^^^^^^^^^^^^^^^^^^^
  File "/app/templates/dashboard.html", line 122, in block 'content'
    {% set now = now() %}
  File "/usr/local/lib/python3.11/site-packages/jinja2/utils.py", line 92, in from_obj
    if hasattr(obj, "jinja_pass_arg"):
       ^^^^^^^^^^^^^^^^^^^^^^^^^^^^^^
jinja2.exceptions.UndefinedError: 'now' is undefined
2025-12-22 20:49:08,579 ERROR: Exception on /dashboard [GET] [in /usr/local/lib/python3.11/site-packages/flask/app.py:825]
Traceback (most recent call last):
  File "/usr/local/lib/python3.11/site-packages/flask/app.py", line 1455, in wsgi_app
    response = self.full_dispatch_request()
               ^^^^^^^^^^^^^^^^^^^^^^^^^^^^
  File "/usr/local/lib/python3.11/site-packages/flask/app.py", line 869, in full_dispatch_request
    rv = self.handle_user_exception(e)
         ^^^^^^^^^^^^^^^^^^^^^^^^^^^^^
  File "/usr/local/lib/python3.11/site-packages/flask/app.py", line 867, in full_dispatch_request
    rv = self.dispatch_request()
         ^^^^^^^^^^^^^^^^^^^^^^^
  File "/usr/local/lib/python3.11/site-packages/flask/app.py", line 852, in dispatch_request
    return self.ensure_sync(self.view_functions[rule.endpoint])(**view_args)
           ^^^^^^^^^^^^^^^^^^^^^^^^^^^^^^^^^^^^^^^^^^^^^^^^^^^^^^^^^^^^^^^^^
  File "/usr/local/lib/python3.11/site-packages/flask_login/utils.py", line 290, in decorated_view
    return current_app.ensure_sync(func)(*args, **kwargs)
           ^^^^^^^^^^^^^^^^^^^^^^^^^^^^^^^^^^^^^^^^^^^^^^
  File "/app/app.py", line 110, in dashboard
    return render_template(
           ^^^^^^^^^^^^^^^^
  File "/usr/local/lib/python3.11/site-packages/flask/templating.py", line 152, in render_template
    return _render(app, template, context)
           ^^^^^^^^^^^^^^^^^^^^^^^^^^^^^^^
  File "/usr/local/lib/python3.11/site-packages/flask/templating.py", line 133, in _render
    rv = template.render(context)
         ^^^^^^^^^^^^^^^^^^^^^^^^
  File "/usr/local/lib/python3.11/site-packages/jinja2/environment.py", line 1295, in render
    self.environment.handle_exception()
  File "/usr/local/lib/python3.11/site-packages/jinja2/environment.py", line 942, in handle_exception
    raise rewrite_traceback_stack(source=source)
  File "/app/templates/dashboard.html", line 2, in top-level template code
    {% extends "base.html" %}
  File "/app/templates/base.html", line 161, in top-level template code
    {% block content %}{% endblock %}
    ^^^^^^^^^^^^^^^^^^^^^^^^^
  File "/app/templates/dashboard.html", line 122, in block 'content'
    {% set now = now() %}
  File "/usr/local/lib/python3.11/site-packages/jinja2/utils.py", line 92, in from_obj
    if hasattr(obj, "jinja_pass_arg"):
       ^^^^^^^^^^^^^^^^^^^^^^^^^^^^^^
jinja2.exceptions.UndefinedError: 'now' is undefined
2025-12-22 20:55:50,323 INFO: Travel Tracker startup [in /app/app.py:56]
2025-12-22 20:55:51,305 INFO: Travel Tracker startup [in /app/app.py:56]
2025-12-22 20:55:51,354 INFO: Travel Tracker startup [in /app/app.py:56]
2025-12-22 20:55:51,363 INFO: Travel Tracker startup [in /app/app.py:56]
2025-12-22 20:55:51,434 INFO: Travel Tracker startup [in /app/app.py:56]
2025-12-22 20:56:22,968 ERROR: Exception on /trips/13/accommodation/add [GET] [in /usr/local/lib/python3.11/site-packages/flask/app.py:825]
Traceback (most recent call last):
  File "/usr/local/lib/python3.11/site-packages/flask/app.py", line 1455, in wsgi_app
    response = self.full_dispatch_request()
               ^^^^^^^^^^^^^^^^^^^^^^^^^^^^
  File "/usr/local/lib/python3.11/site-packages/flask/app.py", line 869, in full_dispatch_request
    rv = self.handle_user_exception(e)
         ^^^^^^^^^^^^^^^^^^^^^^^^^^^^^
  File "/usr/local/lib/python3.11/site-packages/flask/app.py", line 867, in full_dispatch_request
    rv = self.dispatch_request()
         ^^^^^^^^^^^^^^^^^^^^^^^
  File "/usr/local/lib/python3.11/site-packages/flask/app.py", line 852, in dispatch_request
    return self.ensure_sync(self.view_functions[rule.endpoint])(**view_args)
           ^^^^^^^^^^^^^^^^^^^^^^^^^^^^^^^^^^^^^^^^^^^^^^^^^^^^^^^^^^^^^^^^^
  File "/usr/local/lib/python3.11/site-packages/flask_login/utils.py", line 290, in decorated_view
    return current_app.ensure_sync(func)(*args, **kwargs)
           ^^^^^^^^^^^^^^^^^^^^^^^^^^^^^^^^^^^^^^^^^^^^^^
  File "/app/utils.py", line 152, in decorated_function
    return f(*args, **kwargs)
           ^^^^^^^^^^^^^^^^^^
  File "/app/app.py", line 336, in add_accommodation
    return render_template('trips/add_accommodation.html', trip=trip)
           ^^^^^^^^^^^^^^^^^^^^^^^^^^^^^^^^^^^^^^^^^^^^^^^^^^^^^^^^^^
  File "/usr/local/lib/python3.11/site-packages/flask/templating.py", line 151, in render_template
    template = app.jinja_env.get_or_select_template(template_name_or_list)
               ^^^^^^^^^^^^^^^^^^^^^^^^^^^^^^^^^^^^^^^^^^^^^^^^^^^^^^^^^^^
  File "/usr/local/lib/python3.11/site-packages/jinja2/environment.py", line 1087, in get_or_select_template
    return self.get_template(template_name_or_list, parent, globals)
           ^^^^^^^^^^^^^^^^^^^^^^^^^^^^^^^^^^^^^^^^^^^^^^^^^^^^^^^^^
  File "/usr/local/lib/python3.11/site-packages/jinja2/environment.py", line 1016, in get_template
    return self._load_template(name, globals)
           ^^^^^^^^^^^^^^^^^^^^^^^^^^^^^^^^^^
  File "/usr/local/lib/python3.11/site-packages/jinja2/environment.py", line 975, in _load_template
    template = self.loader.load(self, name, self.make_globals(globals))
               ^^^^^^^^^^^^^^^^^^^^^^^^^^^^^^^^^^^^^^^^^^^^^^^^^^^^^^^^
  File "/usr/local/lib/python3.11/site-packages/jinja2/loaders.py", line 138, in load
    code = environment.compile(source, name, filename)
           ^^^^^^^^^^^^^^^^^^^^^^^^^^^^^^^^^^^^^^^^^^^
  File "/usr/local/lib/python3.11/site-packages/jinja2/environment.py", line 771, in compile
    self.handle_exception(source=source_hint)
  File "/usr/local/lib/python3.11/site-packages/jinja2/environment.py", line 942, in handle_exception
    raise rewrite_traceback_stack(source=source)
  File "/app/templates/trips/add_accommodation.html", line 64, in template
    value="{{ trip.end_date.strftime('%Y-%m-%d') }}" required>
    ^^^^^^^^^^^^^^^^^^^^^^^^^
jinja2.exceptions.TemplateSyntaxError: Unexpected end of template. Jinja was looking for the following tags: 'endblock'. The innermost block that needs to be closed is 'block'.
2025-12-22 21:02:03,977 INFO: Travel Tracker startup [in /app/app.py:56]
2025-12-22 21:02:04,864 INFO: Travel Tracker startup [in /app/app.py:56]
2025-12-22 21:02:05,012 INFO: Travel Tracker startup [in /app/app.py:56]
2025-12-22 21:02:05,012 INFO: Travel Tracker startup [in /app/app.py:56]
2025-12-22 21:02:05,082 INFO: Travel Tracker startup [in /app/app.py:56]
2025-12-22 21:06:11,314 ERROR: Exception on /trips/13/flights/add [GET] [in /usr/local/lib/python3.11/site-packages/flask/app.py:825]
Traceback (most recent call last):
  File "/usr/local/lib/python3.11/site-packages/flask/app.py", line 1455, in wsgi_app
    response = self.full_dispatch_request()
               ^^^^^^^^^^^^^^^^^^^^^^^^^^^^
  File "/usr/local/lib/python3.11/site-packages/flask/app.py", line 869, in full_dispatch_request
    rv = self.handle_user_exception(e)
         ^^^^^^^^^^^^^^^^^^^^^^^^^^^^^
  File "/usr/local/lib/python3.11/site-packages/flask/app.py", line 867, in full_dispatch_request
    rv = self.dispatch_request()
         ^^^^^^^^^^^^^^^^^^^^^^^
  File "/usr/local/lib/python3.11/site-packages/flask/app.py", line 852, in dispatch_request
    return self.ensure_sync(self.view_functions[rule.endpoint])(**view_args)
           ^^^^^^^^^^^^^^^^^^^^^^^^^^^^^^^^^^^^^^^^^^^^^^^^^^^^^^^^^^^^^^^^^
  File "/usr/local/lib/python3.11/site-packages/flask_login/utils.py", line 290, in decorated_view
    return current_app.ensure_sync(func)(*args, **kwargs)
           ^^^^^^^^^^^^^^^^^^^^^^^^^^^^^^^^^^^^^^^^^^^^^^
  File "/app/utils.py", line 152, in decorated_function
    return f(*args, **kwargs)
           ^^^^^^^^^^^^^^^^^^
  File "/app/app.py", line 299, in add_flight
    return render_template('trips/add_flight.html', trip=trip)
           ^^^^^^^^^^^^^^^^^^^^^^^^^^^^^^^^^^^^^^^^^^^^^^^^^^^
  File "/usr/local/lib/python3.11/site-packages/flask/templating.py", line 151, in render_template
    template = app.jinja_env.get_or_select_template(template_name_or_list)
               ^^^^^^^^^^^^^^^^^^^^^^^^^^^^^^^^^^^^^^^^^^^^^^^^^^^^^^^^^^^
  File "/usr/local/lib/python3.11/site-packages/jinja2/environment.py", line 1087, in get_or_select_template
    return self.get_template(template_name_or_list, parent, globals)
           ^^^^^^^^^^^^^^^^^^^^^^^^^^^^^^^^^^^^^^^^^^^^^^^^^^^^^^^^^
  File "/usr/local/lib/python3.11/site-packages/jinja2/environment.py", line 1016, in get_template
    return self._load_template(name, globals)
           ^^^^^^^^^^^^^^^^^^^^^^^^^^^^^^^^^^
  File "/usr/local/lib/python3.11/site-packages/jinja2/environment.py", line 975, in _load_template
    template = self.loader.load(self, name, self.make_globals(globals))
               ^^^^^^^^^^^^^^^^^^^^^^^^^^^^^^^^^^^^^^^^^^^^^^^^^^^^^^^^
  File "/usr/local/lib/python3.11/site-packages/jinja2/loaders.py", line 126, in load
    source, filename, uptodate = self.get_source(environment, name)
                                 ^^^^^^^^^^^^^^^^^^^^^^^^^^^^^^^^^^
  File "/usr/local/lib/python3.11/site-packages/flask/templating.py", line 65, in get_source
    return self._get_source_fast(environment, template)
           ^^^^^^^^^^^^^^^^^^^^^^^^^^^^^^^^^^^^^^^^^^^^
  File "/usr/local/lib/python3.11/site-packages/flask/templating.py", line 99, in _get_source_fast
    raise TemplateNotFound(template)
jinja2.exceptions.TemplateNotFound: trips/add_flight.html
2025-12-22 21:07:04,190 ERROR: Exception on /settings/email-accounts [GET] [in /usr/local/lib/python3.11/site-packages/flask/app.py:825]
Traceback (most recent call last):
  File "/usr/local/lib/python3.11/site-packages/flask/app.py", line 1455, in wsgi_app
    response = self.full_dispatch_request()
               ^^^^^^^^^^^^^^^^^^^^^^^^^^^^
  File "/usr/local/lib/python3.11/site-packages/flask/app.py", line 869, in full_dispatch_request
    rv = self.handle_user_exception(e)
         ^^^^^^^^^^^^^^^^^^^^^^^^^^^^^
  File "/usr/local/lib/python3.11/site-packages/flask/app.py", line 867, in full_dispatch_request
    rv = self.dispatch_request()
         ^^^^^^^^^^^^^^^^^^^^^^^
  File "/usr/local/lib/python3.11/site-packages/flask/app.py", line 852, in dispatch_request
    return self.ensure_sync(self.view_functions[rule.endpoint])(**view_args)
           ^^^^^^^^^^^^^^^^^^^^^^^^^^^^^^^^^^^^^^^^^^^^^^^^^^^^^^^^^^^^^^^^^
  File "/usr/local/lib/python3.11/site-packages/flask_login/utils.py", line 290, in decorated_view
    return current_app.ensure_sync(func)(*args, **kwargs)
           ^^^^^^^^^^^^^^^^^^^^^^^^^^^^^^^^^^^^^^^^^^^^^^
  File "/app/app.py", line 596, in email_accounts
    accounts = EmailAccount.query.filter_by(user_id=current_user.id).all()
               ^^^^^^^^^^^^
NameError: name 'EmailAccount' is not defined
2025-12-22 21:08:22,796 ERROR: Exception on /trips/13/share [GET] [in /usr/local/lib/python3.11/site-packages/flask/app.py:825]
Traceback (most recent call last):
  File "/usr/local/lib/python3.11/site-packages/flask/app.py", line 1455, in wsgi_app
    response = self.full_dispatch_request()
               ^^^^^^^^^^^^^^^^^^^^^^^^^^^^
  File "/usr/local/lib/python3.11/site-packages/flask/app.py", line 869, in full_dispatch_request
    rv = self.handle_user_exception(e)
         ^^^^^^^^^^^^^^^^^^^^^^^^^^^^^
  File "/usr/local/lib/python3.11/site-packages/flask/app.py", line 867, in full_dispatch_request
    rv = self.dispatch_request()
         ^^^^^^^^^^^^^^^^^^^^^^^
  File "/usr/local/lib/python3.11/site-packages/flask/app.py", line 852, in dispatch_request
    return self.ensure_sync(self.view_functions[rule.endpoint])(**view_args)
           ^^^^^^^^^^^^^^^^^^^^^^^^^^^^^^^^^^^^^^^^^^^^^^^^^^^^^^^^^^^^^^^^^
  File "/usr/local/lib/python3.11/site-packages/flask_login/utils.py", line 290, in decorated_view
    return current_app.ensure_sync(func)(*args, **kwargs)
           ^^^^^^^^^^^^^^^^^^^^^^^^^^^^^^^^^^^^^^^^^^^^^^
  File "/app/utils.py", line 152, in decorated_function
    return f(*args, **kwargs)
           ^^^^^^^^^^^^^^^^^^
  File "/app/app.py", line 400, in share_trip
    return render_template('trips/share.html', trip=trip, shares=shares)
           ^^^^^^^^^^^^^^^^^^^^^^^^^^^^^^^^^^^^^^^^^^^^^^^^^^^^^^^^^^^^^
  File "/usr/local/lib/python3.11/site-packages/flask/templating.py", line 151, in render_template
    template = app.jinja_env.get_or_select_template(template_name_or_list)
               ^^^^^^^^^^^^^^^^^^^^^^^^^^^^^^^^^^^^^^^^^^^^^^^^^^^^^^^^^^^
  File "/usr/local/lib/python3.11/site-packages/jinja2/environment.py", line 1087, in get_or_select_template
    return self.get_template(template_name_or_list, parent, globals)
           ^^^^^^^^^^^^^^^^^^^^^^^^^^^^^^^^^^^^^^^^^^^^^^^^^^^^^^^^^
  File "/usr/local/lib/python3.11/site-packages/jinja2/environment.py", line 1016, in get_template
    return self._load_template(name, globals)
           ^^^^^^^^^^^^^^^^^^^^^^^^^^^^^^^^^^
  File "/usr/local/lib/python3.11/site-packages/jinja2/environment.py", line 975, in _load_template
    template = self.loader.load(self, name, self.make_globals(globals))
               ^^^^^^^^^^^^^^^^^^^^^^^^^^^^^^^^^^^^^^^^^^^^^^^^^^^^^^^^
  File "/usr/local/lib/python3.11/site-packages/jinja2/loaders.py", line 126, in load
    source, filename, uptodate = self.get_source(environment, name)
                                 ^^^^^^^^^^^^^^^^^^^^^^^^^^^^^^^^^^
  File "/usr/local/lib/python3.11/site-packages/flask/templating.py", line 65, in get_source
    return self._get_source_fast(environment, template)
           ^^^^^^^^^^^^^^^^^^^^^^^^^^^^^^^^^^^^^^^^^^^^
  File "/usr/local/lib/python3.11/site-packages/flask/templating.py", line 99, in _get_source_fast
    raise TemplateNotFound(template)
jinja2.exceptions.TemplateNotFound: trips/share.html
2025-12-22 21:15:29,652 ERROR: Exception on /trips/13/share [GET] [in /usr/local/lib/python3.11/site-packages/flask/app.py:825]
Traceback (most recent call last):
  File "/usr/local/lib/python3.11/site-packages/flask/app.py", line 1455, in wsgi_app
    response = self.full_dispatch_request()
               ^^^^^^^^^^^^^^^^^^^^^^^^^^^^
  File "/usr/local/lib/python3.11/site-packages/flask/app.py", line 869, in full_dispatch_request
    rv = self.handle_user_exception(e)
         ^^^^^^^^^^^^^^^^^^^^^^^^^^^^^
  File "/usr/local/lib/python3.11/site-packages/flask/app.py", line 867, in full_dispatch_request
    rv = self.dispatch_request()
         ^^^^^^^^^^^^^^^^^^^^^^^
  File "/usr/local/lib/python3.11/site-packages/flask/app.py", line 852, in dispatch_request
    return self.ensure_sync(self.view_functions[rule.endpoint])(**view_args)
           ^^^^^^^^^^^^^^^^^^^^^^^^^^^^^^^^^^^^^^^^^^^^^^^^^^^^^^^^^^^^^^^^^
  File "/usr/local/lib/python3.11/site-packages/flask_login/utils.py", line 290, in decorated_view
    return current_app.ensure_sync(func)(*args, **kwargs)
           ^^^^^^^^^^^^^^^^^^^^^^^^^^^^^^^^^^^^^^^^^^^^^^
  File "/app/utils.py", line 152, in decorated_function
    return f(*args, **kwargs)
           ^^^^^^^^^^^^^^^^^^
  File "/app/app.py", line 400, in share_trip
    return render_template('trips/share.html', trip=trip, shares=shares)
           ^^^^^^^^^^^^^^^^^^^^^^^^^^^^^^^^^^^^^^^^^^^^^^^^^^^^^^^^^^^^^
  File "/usr/local/lib/python3.11/site-packages/flask/templating.py", line 151, in render_template
    template = app.jinja_env.get_or_select_template(template_name_or_list)
               ^^^^^^^^^^^^^^^^^^^^^^^^^^^^^^^^^^^^^^^^^^^^^^^^^^^^^^^^^^^
  File "/usr/local/lib/python3.11/site-packages/jinja2/environment.py", line 1087, in get_or_select_template
    return self.get_template(template_name_or_list, parent, globals)
           ^^^^^^^^^^^^^^^^^^^^^^^^^^^^^^^^^^^^^^^^^^^^^^^^^^^^^^^^^
  File "/usr/local/lib/python3.11/site-packages/jinja2/environment.py", line 1016, in get_template
    return self._load_template(name, globals)
           ^^^^^^^^^^^^^^^^^^^^^^^^^^^^^^^^^^
  File "/usr/local/lib/python3.11/site-packages/jinja2/environment.py", line 975, in _load_template
    template = self.loader.load(self, name, self.make_globals(globals))
               ^^^^^^^^^^^^^^^^^^^^^^^^^^^^^^^^^^^^^^^^^^^^^^^^^^^^^^^^
  File "/usr/local/lib/python3.11/site-packages/jinja2/loaders.py", line 126, in load
    source, filename, uptodate = self.get_source(environment, name)
                                 ^^^^^^^^^^^^^^^^^^^^^^^^^^^^^^^^^^
  File "/usr/local/lib/python3.11/site-packages/flask/templating.py", line 65, in get_source
    return self._get_source_fast(environment, template)
           ^^^^^^^^^^^^^^^^^^^^^^^^^^^^^^^^^^^^^^^^^^^^
  File "/usr/local/lib/python3.11/site-packages/flask/templating.py", line 99, in _get_source_fast
    raise TemplateNotFound(template)
jinja2.exceptions.TemplateNotFound: trips/share.html
2025-12-22 21:18:51,306 ERROR: Exception on /trips/13/flights/add [GET] [in /usr/local/lib/python3.11/site-packages/flask/app.py:825]
Traceback (most recent call last):
  File "/usr/local/lib/python3.11/site-packages/flask/app.py", line 1455, in wsgi_app
    response = self.full_dispatch_request()
               ^^^^^^^^^^^^^^^^^^^^^^^^^^^^
  File "/usr/local/lib/python3.11/site-packages/flask/app.py", line 869, in full_dispatch_request
    rv = self.handle_user_exception(e)
         ^^^^^^^^^^^^^^^^^^^^^^^^^^^^^
  File "/usr/local/lib/python3.11/site-packages/flask/app.py", line 867, in full_dispatch_request
    rv = self.dispatch_request()
         ^^^^^^^^^^^^^^^^^^^^^^^
  File "/usr/local/lib/python3.11/site-packages/flask/app.py", line 852, in dispatch_request
    return self.ensure_sync(self.view_functions[rule.endpoint])(**view_args)
           ^^^^^^^^^^^^^^^^^^^^^^^^^^^^^^^^^^^^^^^^^^^^^^^^^^^^^^^^^^^^^^^^^
  File "/usr/local/lib/python3.11/site-packages/flask_login/utils.py", line 290, in decorated_view
    return current_app.ensure_sync(func)(*args, **kwargs)
           ^^^^^^^^^^^^^^^^^^^^^^^^^^^^^^^^^^^^^^^^^^^^^^
  File "/app/utils.py", line 152, in decorated_function
    return f(*args, **kwargs)
           ^^^^^^^^^^^^^^^^^^
  File "/app/app.py", line 299, in add_flight
    return render_template('trips/add_flight.html', trip=trip)
           ^^^^^^^^^^^^^^^^^^^^^^^^^^^^^^^^^^^^^^^^^^^^^^^^^^^
  File "/usr/local/lib/python3.11/site-packages/flask/templating.py", line 151, in render_template
    template = app.jinja_env.get_or_select_template(template_name_or_list)
               ^^^^^^^^^^^^^^^^^^^^^^^^^^^^^^^^^^^^^^^^^^^^^^^^^^^^^^^^^^^
  File "/usr/local/lib/python3.11/site-packages/jinja2/environment.py", line 1087, in get_or_select_template
    return self.get_template(template_name_or_list, parent, globals)
           ^^^^^^^^^^^^^^^^^^^^^^^^^^^^^^^^^^^^^^^^^^^^^^^^^^^^^^^^^
  File "/usr/local/lib/python3.11/site-packages/jinja2/environment.py", line 1016, in get_template
    return self._load_template(name, globals)
           ^^^^^^^^^^^^^^^^^^^^^^^^^^^^^^^^^^
  File "/usr/local/lib/python3.11/site-packages/jinja2/environment.py", line 975, in _load_template
    template = self.loader.load(self, name, self.make_globals(globals))
               ^^^^^^^^^^^^^^^^^^^^^^^^^^^^^^^^^^^^^^^^^^^^^^^^^^^^^^^^
  File "/usr/local/lib/python3.11/site-packages/jinja2/loaders.py", line 126, in load
    source, filename, uptodate = self.get_source(environment, name)
                                 ^^^^^^^^^^^^^^^^^^^^^^^^^^^^^^^^^^
  File "/usr/local/lib/python3.11/site-packages/flask/templating.py", line 65, in get_source
    return self._get_source_fast(environment, template)
           ^^^^^^^^^^^^^^^^^^^^^^^^^^^^^^^^^^^^^^^^^^^^
  File "/usr/local/lib/python3.11/site-packages/flask/templating.py", line 99, in _get_source_fast
    raise TemplateNotFound(template)
jinja2.exceptions.TemplateNotFound: trips/add_flight.html
2025-12-22 21:39:03,078 INFO: Travel Tracker startup [in /app/app.py:56]
2025-12-22 21:39:04,364 INFO: Travel Tracker startup [in /app/app.py:56]
2025-12-22 21:39:04,399 INFO: Travel Tracker startup [in /app/app.py:56]
2025-12-22 21:39:04,420 INFO: Travel Tracker startup [in /app/app.py:56]
2025-12-22 21:39:04,419 INFO: Travel Tracker startup [in /app/app.py:56]
2025-12-22 21:41:00,738 ERROR: Exception on /trips/13 [GET] [in /usr/local/lib/python3.11/site-packages/flask/app.py:825]
Traceback (most recent call last):
  File "/usr/local/lib/python3.11/site-packages/flask/app.py", line 1455, in wsgi_app
    response = self.full_dispatch_request()
               ^^^^^^^^^^^^^^^^^^^^^^^^^^^^
  File "/usr/local/lib/python3.11/site-packages/flask/app.py", line 869, in full_dispatch_request
    rv = self.handle_user_exception(e)
         ^^^^^^^^^^^^^^^^^^^^^^^^^^^^^
  File "/usr/local/lib/python3.11/site-packages/flask/app.py", line 867, in full_dispatch_request
    rv = self.dispatch_request()
         ^^^^^^^^^^^^^^^^^^^^^^^
  File "/usr/local/lib/python3.11/site-packages/flask/app.py", line 852, in dispatch_request
    return self.ensure_sync(self.view_functions[rule.endpoint])(**view_args)
           ^^^^^^^^^^^^^^^^^^^^^^^^^^^^^^^^^^^^^^^^^^^^^^^^^^^^^^^^^^^^^^^^^
  File "/usr/local/lib/python3.11/site-packages/flask_login/utils.py", line 290, in decorated_view
    return current_app.ensure_sync(func)(*args, **kwargs)
           ^^^^^^^^^^^^^^^^^^^^^^^^^^^^^^^^^^^^^^^^^^^^^^
  File "/app/utils.py", line 152, in decorated_function
    return f(*args, **kwargs)
           ^^^^^^^^^^^^^^^^^^
  File "/app/app.py", line 157, in view_trip
    return render_template(
           ^^^^^^^^^^^^^^^^
  File "/usr/local/lib/python3.11/site-packages/flask/templating.py", line 152, in render_template
    return _render(app, template, context)
           ^^^^^^^^^^^^^^^^^^^^^^^^^^^^^^^
  File "/usr/local/lib/python3.11/site-packages/flask/templating.py", line 133, in _render
    rv = template.render(context)
         ^^^^^^^^^^^^^^^^^^^^^^^^
  File "/usr/local/lib/python3.11/site-packages/jinja2/environment.py", line 1295, in render
    self.environment.handle_exception()
  File "/usr/local/lib/python3.11/site-packages/jinja2/environment.py", line 942, in handle_exception
    raise rewrite_traceback_stack(source=source)
  File "/app/templates/trips/view.html", line 1, in top-level template code
    {% extends "base.html" %}
  File "/app/templates/base.html", line 177, in top-level template code
    {% block extra_js %}{% endblock %}
    ^^^^^^^^^^^^^^^^^^^^^^^^^
  File "/app/templates/trips/view.html", line 586, in block 'extra_js'
    Check-in: {{ accommodation.check_in_date.strftime('%b %d, %Y') }}
    ^^^^^^^^^^^^^^^^^^^^^^^^^
  File "/usr/local/lib/python3.11/site-packages/jinja2/environment.py", line 490, in getattr
    return getattr(obj, attribute)
           ^^^^^^^^^^^^^^^^^^^^^^^
jinja2.exceptions.UndefinedError: 'models.Accommodation object' has no attribute 'check_in_date'
2025-12-22 21:41:09,984 ERROR: Exception on /trips/13 [GET] [in /usr/local/lib/python3.11/site-packages/flask/app.py:825]
Traceback (most recent call last):
  File "/usr/local/lib/python3.11/site-packages/flask/app.py", line 1455, in wsgi_app
    response = self.full_dispatch_request()
               ^^^^^^^^^^^^^^^^^^^^^^^^^^^^
  File "/usr/local/lib/python3.11/site-packages/flask/app.py", line 869, in full_dispatch_request
    rv = self.handle_user_exception(e)
         ^^^^^^^^^^^^^^^^^^^^^^^^^^^^^
  File "/usr/local/lib/python3.11/site-packages/flask/app.py", line 867, in full_dispatch_request
    rv = self.dispatch_request()
         ^^^^^^^^^^^^^^^^^^^^^^^
  File "/usr/local/lib/python3.11/site-packages/flask/app.py", line 852, in dispatch_request
    return self.ensure_sync(self.view_functions[rule.endpoint])(**view_args)
           ^^^^^^^^^^^^^^^^^^^^^^^^^^^^^^^^^^^^^^^^^^^^^^^^^^^^^^^^^^^^^^^^^
  File "/usr/local/lib/python3.11/site-packages/flask_login/utils.py", line 290, in decorated_view
    return current_app.ensure_sync(func)(*args, **kwargs)
           ^^^^^^^^^^^^^^^^^^^^^^^^^^^^^^^^^^^^^^^^^^^^^^
  File "/app/utils.py", line 152, in decorated_function
    return f(*args, **kwargs)
           ^^^^^^^^^^^^^^^^^^
  File "/app/app.py", line 157, in view_trip
    return render_template(
           ^^^^^^^^^^^^^^^^
  File "/usr/local/lib/python3.11/site-packages/flask/templating.py", line 152, in render_template
    return _render(app, template, context)
           ^^^^^^^^^^^^^^^^^^^^^^^^^^^^^^^
  File "/usr/local/lib/python3.11/site-packages/flask/templating.py", line 133, in _render
    rv = template.render(context)
         ^^^^^^^^^^^^^^^^^^^^^^^^
  File "/usr/local/lib/python3.11/site-packages/jinja2/environment.py", line 1295, in render
    self.environment.handle_exception()
  File "/usr/local/lib/python3.11/site-packages/jinja2/environment.py", line 942, in handle_exception
    raise rewrite_traceback_stack(source=source)
  File "/app/templates/trips/view.html", line 1, in top-level template code
    {% extends "base.html" %}
  File "/app/templates/base.html", line 177, in top-level template code
    {% block extra_js %}{% endblock %}
    ^^^^^^^^^^^^^^^^^^^^^^^^^
  File "/app/templates/trips/view.html", line 586, in block 'extra_js'
    Check-in: {{ accommodation.check_in_date.strftime('%b %d, %Y') }}
    ^^^^^^^^^^^^^^^^^^^^^^^^^
  File "/usr/local/lib/python3.11/site-packages/jinja2/environment.py", line 490, in getattr
    return getattr(obj, attribute)
           ^^^^^^^^^^^^^^^^^^^^^^^
jinja2.exceptions.UndefinedError: 'models.Accommodation object' has no attribute 'check_in_date'
2025-12-22 21:48:26,974 INFO: Travel Tracker startup [in /app/app.py:56]
2025-12-22 21:48:27,823 INFO: Travel Tracker startup [in /app/app.py:56]
2025-12-22 21:48:27,944 INFO: Travel Tracker startup [in /app/app.py:56]
2025-12-22 21:48:28,050 INFO: Travel Tracker startup [in /app/app.py:56]
2025-12-22 21:48:28,118 INFO: Travel Tracker startup [in /app/app.py:56]
2025-12-22 21:48:29,113 ERROR: Exception on /trips/13 [GET] [in /usr/local/lib/python3.11/site-packages/flask/app.py:825]
Traceback (most recent call last):
  File "/usr/local/lib/python3.11/site-packages/flask/app.py", line 1455, in wsgi_app
    response = self.full_dispatch_request()
               ^^^^^^^^^^^^^^^^^^^^^^^^^^^^
  File "/usr/local/lib/python3.11/site-packages/flask/app.py", line 869, in full_dispatch_request
    rv = self.handle_user_exception(e)
         ^^^^^^^^^^^^^^^^^^^^^^^^^^^^^
  File "/usr/local/lib/python3.11/site-packages/flask/app.py", line 867, in full_dispatch_request
    rv = self.dispatch_request()
         ^^^^^^^^^^^^^^^^^^^^^^^
  File "/usr/local/lib/python3.11/site-packages/flask/app.py", line 852, in dispatch_request
    return self.ensure_sync(self.view_functions[rule.endpoint])(**view_args)
           ^^^^^^^^^^^^^^^^^^^^^^^^^^^^^^^^^^^^^^^^^^^^^^^^^^^^^^^^^^^^^^^^^
  File "/usr/local/lib/python3.11/site-packages/flask_login/utils.py", line 290, in decorated_view
    return current_app.ensure_sync(func)(*args, **kwargs)
           ^^^^^^^^^^^^^^^^^^^^^^^^^^^^^^^^^^^^^^^^^^^^^^
  File "/app/utils.py", line 152, in decorated_function
    return f(*args, **kwargs)
           ^^^^^^^^^^^^^^^^^^
  File "/app/app.py", line 157, in view_trip
    return render_template(
           ^^^^^^^^^^^^^^^^
  File "/usr/local/lib/python3.11/site-packages/flask/templating.py", line 152, in render_template
    return _render(app, template, context)
           ^^^^^^^^^^^^^^^^^^^^^^^^^^^^^^^
  File "/usr/local/lib/python3.11/site-packages/flask/templating.py", line 133, in _render
    rv = template.render(context)
         ^^^^^^^^^^^^^^^^^^^^^^^^
  File "/usr/local/lib/python3.11/site-packages/jinja2/environment.py", line 1295, in render
    self.environment.handle_exception()
  File "/usr/local/lib/python3.11/site-packages/jinja2/environment.py", line 942, in handle_exception
    raise rewrite_traceback_stack(source=source)
  File "/app/templates/trips/view.html", line 1, in top-level template code
    {% extends "base.html" %}
  File "/app/templates/base.html", line 177, in top-level template code
    {% block extra_js %}{% endblock %}
    ^^^^^^^^^^^^^^^^^^^^^^^^^
  File "/app/templates/trips/view.html", line 613, in block 'extra_js'
    <a href="{{ url_for('edit_accommodation', trip_id=trip.id, accommodation_id=accommodation.id) }}"
    ^^^^^^^^^^^^^^^^^^^^^^^^^
  File "/usr/local/lib/python3.11/site-packages/flask/app.py", line 1071, in url_for
    return self.handle_url_build_error(error, endpoint, values)
           ^^^^^^^^^^^^^^^^^^^^^^^^^^^^^^^^^^^^^^^^^^^^^^^^^^^^
  File "/usr/local/lib/python3.11/site-packages/flask/app.py", line 1060, in url_for
    rv = url_adapter.build(  # type: ignore[union-attr]
         ^^^^^^^^^^^^^^^^^^^^^^^^^^^^^^^^^^^^^^^^^^^^^^
  File "/usr/local/lib/python3.11/site-packages/werkzeug/routing/map.py", line 919, in build
    raise BuildError(endpoint, values, method, self)
werkzeug.routing.exceptions.BuildError: Could not build url for endpoint 'edit_accommodation' with values ['accommodation_id', 'trip_id']. Did you mean 'add_accommodation' instead?
2025-12-22 21:48:45,103 ERROR: Exception on /trips/13 [GET] [in /usr/local/lib/python3.11/site-packages/flask/app.py:825]
Traceback (most recent call last):
  File "/usr/local/lib/python3.11/site-packages/flask/app.py", line 1455, in wsgi_app
    response = self.full_dispatch_request()
               ^^^^^^^^^^^^^^^^^^^^^^^^^^^^
  File "/usr/local/lib/python3.11/site-packages/flask/app.py", line 869, in full_dispatch_request
    rv = self.handle_user_exception(e)
         ^^^^^^^^^^^^^^^^^^^^^^^^^^^^^
  File "/usr/local/lib/python3.11/site-packages/flask/app.py", line 867, in full_dispatch_request
    rv = self.dispatch_request()
         ^^^^^^^^^^^^^^^^^^^^^^^
  File "/usr/local/lib/python3.11/site-packages/flask/app.py", line 852, in dispatch_request
    return self.ensure_sync(self.view_functions[rule.endpoint])(**view_args)
           ^^^^^^^^^^^^^^^^^^^^^^^^^^^^^^^^^^^^^^^^^^^^^^^^^^^^^^^^^^^^^^^^^
  File "/usr/local/lib/python3.11/site-packages/flask_login/utils.py", line 290, in decorated_view
    return current_app.ensure_sync(func)(*args, **kwargs)
           ^^^^^^^^^^^^^^^^^^^^^^^^^^^^^^^^^^^^^^^^^^^^^^
  File "/app/utils.py", line 152, in decorated_function
    return f(*args, **kwargs)
           ^^^^^^^^^^^^^^^^^^
  File "/app/app.py", line 157, in view_trip
    return render_template(
           ^^^^^^^^^^^^^^^^
  File "/usr/local/lib/python3.11/site-packages/flask/templating.py", line 152, in render_template
    return _render(app, template, context)
           ^^^^^^^^^^^^^^^^^^^^^^^^^^^^^^^
  File "/usr/local/lib/python3.11/site-packages/flask/templating.py", line 133, in _render
    rv = template.render(context)
         ^^^^^^^^^^^^^^^^^^^^^^^^
  File "/usr/local/lib/python3.11/site-packages/jinja2/environment.py", line 1295, in render
    self.environment.handle_exception()
  File "/usr/local/lib/python3.11/site-packages/jinja2/environment.py", line 942, in handle_exception
    raise rewrite_traceback_stack(source=source)
  File "/app/templates/trips/view.html", line 1, in top-level template code
    {% extends "base.html" %}
  File "/app/templates/base.html", line 177, in top-level template code
    {% block extra_js %}{% endblock %}
    ^^^^^^^^^^^^^^^^^^^^^^^^^
  File "/app/templates/trips/view.html", line 613, in block 'extra_js'
    <a href="{{ url_for('edit_accommodation', trip_id=trip.id, accommodation_id=accommodation.id) }}"
    ^^^^^^^^^^^^^^^^^^^^^^^^^
  File "/usr/local/lib/python3.11/site-packages/flask/app.py", line 1071, in url_for
    return self.handle_url_build_error(error, endpoint, values)
           ^^^^^^^^^^^^^^^^^^^^^^^^^^^^^^^^^^^^^^^^^^^^^^^^^^^^
  File "/usr/local/lib/python3.11/site-packages/flask/app.py", line 1060, in url_for
    rv = url_adapter.build(  # type: ignore[union-attr]
         ^^^^^^^^^^^^^^^^^^^^^^^^^^^^^^^^^^^^^^^^^^^^^^
  File "/usr/local/lib/python3.11/site-packages/werkzeug/routing/map.py", line 919, in build
    raise BuildError(endpoint, values, method, self)
werkzeug.routing.exceptions.BuildError: Could not build url for endpoint 'edit_accommodation' with values ['accommodation_id', 'trip_id']. Did you mean 'add_accommodation' instead?
2025-12-22 21:48:58,958 ERROR: Exception on /trips/13 [GET] [in /usr/local/lib/python3.11/site-packages/flask/app.py:825]
Traceback (most recent call last):
  File "/usr/local/lib/python3.11/site-packages/flask/app.py", line 1455, in wsgi_app
    response = self.full_dispatch_request()
               ^^^^^^^^^^^^^^^^^^^^^^^^^^^^
  File "/usr/local/lib/python3.11/site-packages/flask/app.py", line 869, in full_dispatch_request
    rv = self.handle_user_exception(e)
         ^^^^^^^^^^^^^^^^^^^^^^^^^^^^^
  File "/usr/local/lib/python3.11/site-packages/flask/app.py", line 867, in full_dispatch_request
    rv = self.dispatch_request()
         ^^^^^^^^^^^^^^^^^^^^^^^
  File "/usr/local/lib/python3.11/site-packages/flask/app.py", line 852, in dispatch_request
    return self.ensure_sync(self.view_functions[rule.endpoint])(**view_args)
           ^^^^^^^^^^^^^^^^^^^^^^^^^^^^^^^^^^^^^^^^^^^^^^^^^^^^^^^^^^^^^^^^^
  File "/usr/local/lib/python3.11/site-packages/flask_login/utils.py", line 290, in decorated_view
    return current_app.ensure_sync(func)(*args, **kwargs)
           ^^^^^^^^^^^^^^^^^^^^^^^^^^^^^^^^^^^^^^^^^^^^^^
  File "/app/utils.py", line 152, in decorated_function
    return f(*args, **kwargs)
           ^^^^^^^^^^^^^^^^^^
  File "/app/app.py", line 157, in view_trip
    return render_template(
           ^^^^^^^^^^^^^^^^
  File "/usr/local/lib/python3.11/site-packages/flask/templating.py", line 152, in render_template
    return _render(app, template, context)
           ^^^^^^^^^^^^^^^^^^^^^^^^^^^^^^^
  File "/usr/local/lib/python3.11/site-packages/flask/templating.py", line 133, in _render
    rv = template.render(context)
         ^^^^^^^^^^^^^^^^^^^^^^^^
  File "/usr/local/lib/python3.11/site-packages/jinja2/environment.py", line 1295, in render
    self.environment.handle_exception()
  File "/usr/local/lib/python3.11/site-packages/jinja2/environment.py", line 942, in handle_exception
    raise rewrite_traceback_stack(source=source)
  File "/app/templates/trips/view.html", line 1, in top-level template code
    {% extends "base.html" %}
  File "/app/templates/base.html", line 177, in top-level template code
    {% block extra_js %}{% endblock %}
    ^^^^^^^^^^^^^^^^^^^^^^^^^
  File "/app/templates/trips/view.html", line 613, in block 'extra_js'
    <a href="{{ url_for('edit_accommodation', trip_id=trip.id, accommodation_id=accommodation.id) }}"
    ^^^^^^^^^^^^^^^^^^^^^^^^^
  File "/usr/local/lib/python3.11/site-packages/flask/app.py", line 1071, in url_for
    return self.handle_url_build_error(error, endpoint, values)
           ^^^^^^^^^^^^^^^^^^^^^^^^^^^^^^^^^^^^^^^^^^^^^^^^^^^^
  File "/usr/local/lib/python3.11/site-packages/flask/app.py", line 1060, in url_for
    rv = url_adapter.build(  # type: ignore[union-attr]
         ^^^^^^^^^^^^^^^^^^^^^^^^^^^^^^^^^^^^^^^^^^^^^^
  File "/usr/local/lib/python3.11/site-packages/werkzeug/routing/map.py", line 919, in build
    raise BuildError(endpoint, values, method, self)
werkzeug.routing.exceptions.BuildError: Could not build url for endpoint 'edit_accommodation' with values ['accommodation_id', 'trip_id']. Did you mean 'add_accommodation' instead?
2025-12-22 21:51:36,943 INFO: Travel Tracker startup [in /app/app.py:56]
2025-12-22 21:51:37,880 INFO: Travel Tracker startup [in /app/app.py:56]
2025-12-22 21:51:38,076 INFO: Travel Tracker startup [in /app/app.py:56]
2025-12-22 21:51:38,126 INFO: Travel Tracker startup [in /app/app.py:56]
2025-12-22 21:51:38,168 INFO: Travel Tracker startup [in /app/app.py:56]
2025-12-22 21:51:40,860 ERROR: Exception on /trips/13 [GET] [in /usr/local/lib/python3.11/site-packages/flask/app.py:825]
Traceback (most recent call last):
  File "/usr/local/lib/python3.11/site-packages/flask/app.py", line 1455, in wsgi_app
    response = self.full_dispatch_request()
               ^^^^^^^^^^^^^^^^^^^^^^^^^^^^
  File "/usr/local/lib/python3.11/site-packages/flask/app.py", line 869, in full_dispatch_request
    rv = self.handle_user_exception(e)
         ^^^^^^^^^^^^^^^^^^^^^^^^^^^^^
  File "/usr/local/lib/python3.11/site-packages/flask/app.py", line 867, in full_dispatch_request
    rv = self.dispatch_request()
         ^^^^^^^^^^^^^^^^^^^^^^^
  File "/usr/local/lib/python3.11/site-packages/flask/app.py", line 852, in dispatch_request
    return self.ensure_sync(self.view_functions[rule.endpoint])(**view_args)
           ^^^^^^^^^^^^^^^^^^^^^^^^^^^^^^^^^^^^^^^^^^^^^^^^^^^^^^^^^^^^^^^^^
  File "/usr/local/lib/python3.11/site-packages/flask_login/utils.py", line 290, in decorated_view
    return current_app.ensure_sync(func)(*args, **kwargs)
           ^^^^^^^^^^^^^^^^^^^^^^^^^^^^^^^^^^^^^^^^^^^^^^
  File "/app/utils.py", line 152, in decorated_function
    return f(*args, **kwargs)
           ^^^^^^^^^^^^^^^^^^
  File "/app/app.py", line 157, in view_trip
    return render_template(
           ^^^^^^^^^^^^^^^^
  File "/usr/local/lib/python3.11/site-packages/flask/templating.py", line 152, in render_template
    return _render(app, template, context)
           ^^^^^^^^^^^^^^^^^^^^^^^^^^^^^^^
  File "/usr/local/lib/python3.11/site-packages/flask/templating.py", line 133, in _render
    rv = template.render(context)
         ^^^^^^^^^^^^^^^^^^^^^^^^
  File "/usr/local/lib/python3.11/site-packages/jinja2/environment.py", line 1295, in render
    self.environment.handle_exception()
  File "/usr/local/lib/python3.11/site-packages/jinja2/environment.py", line 942, in handle_exception
    raise rewrite_traceback_stack(source=source)
  File "/app/templates/trips/view.html", line 1, in top-level template code
    {% extends "base.html" %}
  File "/app/templates/base.html", line 177, in top-level template code
    {% block extra_js %}{% endblock %}
    ^^^^^^^^^^^^^^^^^^^^^^^^^
  File "/app/templates/trips/view.html", line 613, in block 'extra_js'
    <a href="{{ url_for('edit_accommodation', trip_id=trip.id, accommodation_id=accommodation.id) }}"
    ^^^^^^^^^^^^^^^^^^^^^^^^^
  File "/usr/local/lib/python3.11/site-packages/flask/app.py", line 1071, in url_for
    return self.handle_url_build_error(error, endpoint, values)
           ^^^^^^^^^^^^^^^^^^^^^^^^^^^^^^^^^^^^^^^^^^^^^^^^^^^^
  File "/usr/local/lib/python3.11/site-packages/flask/app.py", line 1060, in url_for
    rv = url_adapter.build(  # type: ignore[union-attr]
         ^^^^^^^^^^^^^^^^^^^^^^^^^^^^^^^^^^^^^^^^^^^^^^
  File "/usr/local/lib/python3.11/site-packages/werkzeug/routing/map.py", line 919, in build
    raise BuildError(endpoint, values, method, self)
werkzeug.routing.exceptions.BuildError: Could not build url for endpoint 'edit_accommodation' with values ['accommodation_id', 'trip_id']. Did you mean 'add_accommodation' instead?
2025-12-22 21:51:43,215 ERROR: Exception on /trips/13 [GET] [in /usr/local/lib/python3.11/site-packages/flask/app.py:825]
Traceback (most recent call last):
  File "/usr/local/lib/python3.11/site-packages/flask/app.py", line 1455, in wsgi_app
    response = self.full_dispatch_request()
               ^^^^^^^^^^^^^^^^^^^^^^^^^^^^
  File "/usr/local/lib/python3.11/site-packages/flask/app.py", line 869, in full_dispatch_request
    rv = self.handle_user_exception(e)
         ^^^^^^^^^^^^^^^^^^^^^^^^^^^^^
  File "/usr/local/lib/python3.11/site-packages/flask/app.py", line 867, in full_dispatch_request
    rv = self.dispatch_request()
         ^^^^^^^^^^^^^^^^^^^^^^^
  File "/usr/local/lib/python3.11/site-packages/flask/app.py", line 852, in dispatch_request
    return self.ensure_sync(self.view_functions[rule.endpoint])(**view_args)
           ^^^^^^^^^^^^^^^^^^^^^^^^^^^^^^^^^^^^^^^^^^^^^^^^^^^^^^^^^^^^^^^^^
  File "/usr/local/lib/python3.11/site-packages/flask_login/utils.py", line 290, in decorated_view
    return current_app.ensure_sync(func)(*args, **kwargs)
           ^^^^^^^^^^^^^^^^^^^^^^^^^^^^^^^^^^^^^^^^^^^^^^
  File "/app/utils.py", line 152, in decorated_function
    return f(*args, **kwargs)
           ^^^^^^^^^^^^^^^^^^
  File "/app/app.py", line 157, in view_trip
    return render_template(
           ^^^^^^^^^^^^^^^^
  File "/usr/local/lib/python3.11/site-packages/flask/templating.py", line 152, in render_template
    return _render(app, template, context)
           ^^^^^^^^^^^^^^^^^^^^^^^^^^^^^^^
  File "/usr/local/lib/python3.11/site-packages/flask/templating.py", line 133, in _render
    rv = template.render(context)
         ^^^^^^^^^^^^^^^^^^^^^^^^
  File "/usr/local/lib/python3.11/site-packages/jinja2/environment.py", line 1295, in render
    self.environment.handle_exception()
  File "/usr/local/lib/python3.11/site-packages/jinja2/environment.py", line 942, in handle_exception
    raise rewrite_traceback_stack(source=source)
  File "/app/templates/trips/view.html", line 1, in top-level template code
    {% extends "base.html" %}
  File "/app/templates/base.html", line 177, in top-level template code
    {% block extra_js %}{% endblock %}
    ^^^^^^^^^^^^^^^^^^^^^^^^^
  File "/app/templates/trips/view.html", line 613, in block 'extra_js'
    <a href="{{ url_for('edit_accommodation', trip_id=trip.id, accommodation_id=accommodation.id) }}"
    ^^^^^^^^^^^^^^^^^^^^^^^^^
  File "/usr/local/lib/python3.11/site-packages/flask/app.py", line 1071, in url_for
    return self.handle_url_build_error(error, endpoint, values)
           ^^^^^^^^^^^^^^^^^^^^^^^^^^^^^^^^^^^^^^^^^^^^^^^^^^^^
  File "/usr/local/lib/python3.11/site-packages/flask/app.py", line 1060, in url_for
    rv = url_adapter.build(  # type: ignore[union-attr]
         ^^^^^^^^^^^^^^^^^^^^^^^^^^^^^^^^^^^^^^^^^^^^^^
  File "/usr/local/lib/python3.11/site-packages/werkzeug/routing/map.py", line 919, in build
    raise BuildError(endpoint, values, method, self)
werkzeug.routing.exceptions.BuildError: Could not build url for endpoint 'edit_accommodation' with values ['accommodation_id', 'trip_id']. Did you mean 'add_accommodation' instead?
2025-12-22 21:53:42,267 INFO: Travel Tracker startup [in /app/app.py:56]
2025-12-22 21:53:43,290 INFO: Travel Tracker startup [in /app/app.py:56]
2025-12-22 21:53:43,317 INFO: Travel Tracker startup [in /app/app.py:56]
2025-12-22 21:53:43,390 INFO: Travel Tracker startup [in /app/app.py:56]
2025-12-22 21:53:43,484 INFO: Travel Tracker startup [in /app/app.py:56]
2025-12-22 21:53:47,837 ERROR: Exception on /trips/13 [GET] [in /usr/local/lib/python3.11/site-packages/flask/app.py:825]
Traceback (most recent call last):
  File "/usr/local/lib/python3.11/site-packages/flask/app.py", line 1455, in wsgi_app
    response = self.full_dispatch_request()
               ^^^^^^^^^^^^^^^^^^^^^^^^^^^^
  File "/usr/local/lib/python3.11/site-packages/flask/app.py", line 869, in full_dispatch_request
    rv = self.handle_user_exception(e)
         ^^^^^^^^^^^^^^^^^^^^^^^^^^^^^
  File "/usr/local/lib/python3.11/site-packages/flask/app.py", line 867, in full_dispatch_request
    rv = self.dispatch_request()
         ^^^^^^^^^^^^^^^^^^^^^^^
  File "/usr/local/lib/python3.11/site-packages/flask/app.py", line 852, in dispatch_request
    return self.ensure_sync(self.view_functions[rule.endpoint])(**view_args)
           ^^^^^^^^^^^^^^^^^^^^^^^^^^^^^^^^^^^^^^^^^^^^^^^^^^^^^^^^^^^^^^^^^
  File "/usr/local/lib/python3.11/site-packages/flask_login/utils.py", line 290, in decorated_view
    return current_app.ensure_sync(func)(*args, **kwargs)
           ^^^^^^^^^^^^^^^^^^^^^^^^^^^^^^^^^^^^^^^^^^^^^^
  File "/app/utils.py", line 152, in decorated_function
    return f(*args, **kwargs)
           ^^^^^^^^^^^^^^^^^^
  File "/app/app.py", line 157, in view_trip
    return render_template(
           ^^^^^^^^^^^^^^^^
  File "/usr/local/lib/python3.11/site-packages/flask/templating.py", line 151, in render_template
    template = app.jinja_env.get_or_select_template(template_name_or_list)
               ^^^^^^^^^^^^^^^^^^^^^^^^^^^^^^^^^^^^^^^^^^^^^^^^^^^^^^^^^^^
  File "/usr/local/lib/python3.11/site-packages/jinja2/environment.py", line 1087, in get_or_select_template
    return self.get_template(template_name_or_list, parent, globals)
           ^^^^^^^^^^^^^^^^^^^^^^^^^^^^^^^^^^^^^^^^^^^^^^^^^^^^^^^^^
  File "/usr/local/lib/python3.11/site-packages/jinja2/environment.py", line 1016, in get_template
    return self._load_template(name, globals)
           ^^^^^^^^^^^^^^^^^^^^^^^^^^^^^^^^^^
  File "/usr/local/lib/python3.11/site-packages/jinja2/environment.py", line 975, in _load_template
    template = self.loader.load(self, name, self.make_globals(globals))
               ^^^^^^^^^^^^^^^^^^^^^^^^^^^^^^^^^^^^^^^^^^^^^^^^^^^^^^^^
  File "/usr/local/lib/python3.11/site-packages/jinja2/loaders.py", line 138, in load
    code = environment.compile(source, name, filename)
           ^^^^^^^^^^^^^^^^^^^^^^^^^^^^^^^^^^^^^^^^^^^
  File "/usr/local/lib/python3.11/site-packages/jinja2/environment.py", line 771, in compile
    self.handle_exception(source=source_hint)
  File "/usr/local/lib/python3.11/site-packages/jinja2/environment.py", line 942, in handle_exception
    raise rewrite_traceback_stack(source=source)
  File "/app/templates/trips/view.html", line 614, in template
    {% endif %}
jinja2.exceptions.TemplateSyntaxError: Encountered unknown tag 'endif'. You probably made a nesting mistake. Jinja is expecting this tag, but currently looking for 'endfor' or 'else'. The innermost block that needs to be closed is 'for'.
2025-12-22 21:53:55,246 ERROR: Exception on /trips/13 [GET] [in /usr/local/lib/python3.11/site-packages/flask/app.py:825]
Traceback (most recent call last):
  File "/usr/local/lib/python3.11/site-packages/flask/app.py", line 1455, in wsgi_app
    response = self.full_dispatch_request()
               ^^^^^^^^^^^^^^^^^^^^^^^^^^^^
  File "/usr/local/lib/python3.11/site-packages/flask/app.py", line 869, in full_dispatch_request
    rv = self.handle_user_exception(e)
         ^^^^^^^^^^^^^^^^^^^^^^^^^^^^^
  File "/usr/local/lib/python3.11/site-packages/flask/app.py", line 867, in full_dispatch_request
    rv = self.dispatch_request()
         ^^^^^^^^^^^^^^^^^^^^^^^
  File "/usr/local/lib/python3.11/site-packages/flask/app.py", line 852, in dispatch_request
    return self.ensure_sync(self.view_functions[rule.endpoint])(**view_args)
           ^^^^^^^^^^^^^^^^^^^^^^^^^^^^^^^^^^^^^^^^^^^^^^^^^^^^^^^^^^^^^^^^^
  File "/usr/local/lib/python3.11/site-packages/flask_login/utils.py", line 290, in decorated_view
    return current_app.ensure_sync(func)(*args, **kwargs)
           ^^^^^^^^^^^^^^^^^^^^^^^^^^^^^^^^^^^^^^^^^^^^^^
  File "/app/utils.py", line 152, in decorated_function
    return f(*args, **kwargs)
           ^^^^^^^^^^^^^^^^^^
  File "/app/app.py", line 157, in view_trip
    return render_template(
           ^^^^^^^^^^^^^^^^
  File "/usr/local/lib/python3.11/site-packages/flask/templating.py", line 151, in render_template
    template = app.jinja_env.get_or_select_template(template_name_or_list)
               ^^^^^^^^^^^^^^^^^^^^^^^^^^^^^^^^^^^^^^^^^^^^^^^^^^^^^^^^^^^
  File "/usr/local/lib/python3.11/site-packages/jinja2/environment.py", line 1087, in get_or_select_template
    return self.get_template(template_name_or_list, parent, globals)
           ^^^^^^^^^^^^^^^^^^^^^^^^^^^^^^^^^^^^^^^^^^^^^^^^^^^^^^^^^
  File "/usr/local/lib/python3.11/site-packages/jinja2/environment.py", line 1016, in get_template
    return self._load_template(name, globals)
           ^^^^^^^^^^^^^^^^^^^^^^^^^^^^^^^^^^
  File "/usr/local/lib/python3.11/site-packages/jinja2/environment.py", line 975, in _load_template
    template = self.loader.load(self, name, self.make_globals(globals))
               ^^^^^^^^^^^^^^^^^^^^^^^^^^^^^^^^^^^^^^^^^^^^^^^^^^^^^^^^
  File "/usr/local/lib/python3.11/site-packages/jinja2/loaders.py", line 138, in load
    code = environment.compile(source, name, filename)
           ^^^^^^^^^^^^^^^^^^^^^^^^^^^^^^^^^^^^^^^^^^^
  File "/usr/local/lib/python3.11/site-packages/jinja2/environment.py", line 771, in compile
    self.handle_exception(source=source_hint)
  File "/usr/local/lib/python3.11/site-packages/jinja2/environment.py", line 942, in handle_exception
    raise rewrite_traceback_stack(source=source)
  File "/app/templates/trips/view.html", line 614, in template
    {% endif %}
jinja2.exceptions.TemplateSyntaxError: Encountered unknown tag 'endif'. You probably made a nesting mistake. Jinja is expecting this tag, but currently looking for 'endfor' or 'else'. The innermost block that needs to be closed is 'for'.
2025-12-22 21:57:03,972 INFO: Travel Tracker startup [in /app/app.py:56]
2025-12-22 21:57:04,782 INFO: Travel Tracker startup [in /app/app.py:56]
2025-12-22 21:57:04,797 INFO: Travel Tracker startup [in /app/app.py:56]
2025-12-22 21:57:04,884 ERROR: Exception on /trips/13 [GET] [in /usr/local/lib/python3.11/site-packages/flask/app.py:825]
Traceback (most recent call last):
  File "/usr/local/lib/python3.11/site-packages/flask/app.py", line 1455, in wsgi_app
    response = self.full_dispatch_request()
               ^^^^^^^^^^^^^^^^^^^^^^^^^^^^
  File "/usr/local/lib/python3.11/site-packages/flask/app.py", line 869, in full_dispatch_request
    rv = self.handle_user_exception(e)
         ^^^^^^^^^^^^^^^^^^^^^^^^^^^^^
  File "/usr/local/lib/python3.11/site-packages/flask/app.py", line 867, in full_dispatch_request
    rv = self.dispatch_request()
         ^^^^^^^^^^^^^^^^^^^^^^^
  File "/usr/local/lib/python3.11/site-packages/flask/app.py", line 852, in dispatch_request
    return self.ensure_sync(self.view_functions[rule.endpoint])(**view_args)
           ^^^^^^^^^^^^^^^^^^^^^^^^^^^^^^^^^^^^^^^^^^^^^^^^^^^^^^^^^^^^^^^^^
  File "/usr/local/lib/python3.11/site-packages/flask_login/utils.py", line 290, in decorated_view
    return current_app.ensure_sync(func)(*args, **kwargs)
           ^^^^^^^^^^^^^^^^^^^^^^^^^^^^^^^^^^^^^^^^^^^^^^
  File "/app/utils.py", line 152, in decorated_function
    return f(*args, **kwargs)
           ^^^^^^^^^^^^^^^^^^
  File "/app/app.py", line 157, in view_trip
    return render_template(
           ^^^^^^^^^^^^^^^^
  File "/usr/local/lib/python3.11/site-packages/flask/templating.py", line 151, in render_template
    template = app.jinja_env.get_or_select_template(template_name_or_list)
               ^^^^^^^^^^^^^^^^^^^^^^^^^^^^^^^^^^^^^^^^^^^^^^^^^^^^^^^^^^^
  File "/usr/local/lib/python3.11/site-packages/jinja2/environment.py", line 1087, in get_or_select_template
    return self.get_template(template_name_or_list, parent, globals)
           ^^^^^^^^^^^^^^^^^^^^^^^^^^^^^^^^^^^^^^^^^^^^^^^^^^^^^^^^^
  File "/usr/local/lib/python3.11/site-packages/jinja2/environment.py", line 1016, in get_template
    return self._load_template(name, globals)
           ^^^^^^^^^^^^^^^^^^^^^^^^^^^^^^^^^^
  File "/usr/local/lib/python3.11/site-packages/jinja2/environment.py", line 975, in _load_template
    template = self.loader.load(self, name, self.make_globals(globals))
               ^^^^^^^^^^^^^^^^^^^^^^^^^^^^^^^^^^^^^^^^^^^^^^^^^^^^^^^^
  File "/usr/local/lib/python3.11/site-packages/jinja2/loaders.py", line 138, in load
    code = environment.compile(source, name, filename)
           ^^^^^^^^^^^^^^^^^^^^^^^^^^^^^^^^^^^^^^^^^^^
  File "/usr/local/lib/python3.11/site-packages/jinja2/environment.py", line 771, in compile
    self.handle_exception(source=source_hint)
  File "/usr/local/lib/python3.11/site-packages/jinja2/environment.py", line 942, in handle_exception
    raise rewrite_traceback_stack(source=source)
  File "/app/templates/trips/view.html", line 614, in template
    {% endif %}
jinja2.exceptions.TemplateSyntaxError: Encountered unknown tag 'endif'. You probably made a nesting mistake. Jinja is expecting this tag, but currently looking for 'endfor' or 'else'. The innermost block that needs to be closed is 'for'.
2025-12-22 21:57:04,905 INFO: Travel Tracker startup [in /app/app.py:56]
2025-12-22 21:57:05,023 INFO: Travel Tracker startup [in /app/app.py:56]
2025-12-22 21:57:13,273 ERROR: Exception on /trips/13 [GET] [in /usr/local/lib/python3.11/site-packages/flask/app.py:825]
Traceback (most recent call last):
  File "/usr/local/lib/python3.11/site-packages/flask/app.py", line 1455, in wsgi_app
    response = self.full_dispatch_request()
               ^^^^^^^^^^^^^^^^^^^^^^^^^^^^
  File "/usr/local/lib/python3.11/site-packages/flask/app.py", line 869, in full_dispatch_request
    rv = self.handle_user_exception(e)
         ^^^^^^^^^^^^^^^^^^^^^^^^^^^^^
  File "/usr/local/lib/python3.11/site-packages/flask/app.py", line 867, in full_dispatch_request
    rv = self.dispatch_request()
         ^^^^^^^^^^^^^^^^^^^^^^^
  File "/usr/local/lib/python3.11/site-packages/flask/app.py", line 852, in dispatch_request
    return self.ensure_sync(self.view_functions[rule.endpoint])(**view_args)
           ^^^^^^^^^^^^^^^^^^^^^^^^^^^^^^^^^^^^^^^^^^^^^^^^^^^^^^^^^^^^^^^^^
  File "/usr/local/lib/python3.11/site-packages/flask_login/utils.py", line 290, in decorated_view
    return current_app.ensure_sync(func)(*args, **kwargs)
           ^^^^^^^^^^^^^^^^^^^^^^^^^^^^^^^^^^^^^^^^^^^^^^
  File "/app/utils.py", line 152, in decorated_function
    return f(*args, **kwargs)
           ^^^^^^^^^^^^^^^^^^
  File "/app/app.py", line 157, in view_trip
    return render_template(
           ^^^^^^^^^^^^^^^^
  File "/usr/local/lib/python3.11/site-packages/flask/templating.py", line 151, in render_template
    template = app.jinja_env.get_or_select_template(template_name_or_list)
               ^^^^^^^^^^^^^^^^^^^^^^^^^^^^^^^^^^^^^^^^^^^^^^^^^^^^^^^^^^^
  File "/usr/local/lib/python3.11/site-packages/jinja2/environment.py", line 1087, in get_or_select_template
    return self.get_template(template_name_or_list, parent, globals)
           ^^^^^^^^^^^^^^^^^^^^^^^^^^^^^^^^^^^^^^^^^^^^^^^^^^^^^^^^^
  File "/usr/local/lib/python3.11/site-packages/jinja2/environment.py", line 1016, in get_template
    return self._load_template(name, globals)
           ^^^^^^^^^^^^^^^^^^^^^^^^^^^^^^^^^^
  File "/usr/local/lib/python3.11/site-packages/jinja2/environment.py", line 975, in _load_template
    template = self.loader.load(self, name, self.make_globals(globals))
               ^^^^^^^^^^^^^^^^^^^^^^^^^^^^^^^^^^^^^^^^^^^^^^^^^^^^^^^^
  File "/usr/local/lib/python3.11/site-packages/jinja2/loaders.py", line 138, in load
    code = environment.compile(source, name, filename)
           ^^^^^^^^^^^^^^^^^^^^^^^^^^^^^^^^^^^^^^^^^^^
  File "/usr/local/lib/python3.11/site-packages/jinja2/environment.py", line 771, in compile
    self.handle_exception(source=source_hint)
  File "/usr/local/lib/python3.11/site-packages/jinja2/environment.py", line 942, in handle_exception
    raise rewrite_traceback_stack(source=source)
  File "/app/templates/trips/view.html", line 614, in template
    {% endif %}
jinja2.exceptions.TemplateSyntaxError: Encountered unknown tag 'endif'. You probably made a nesting mistake. Jinja is expecting this tag, but currently looking for 'endfor' or 'else'. The innermost block that needs to be closed is 'for'.
2025-12-22 22:01:42,886 INFO: Travel Tracker startup [in /app/app.py:56]
2025-12-22 22:01:43,951 INFO: Travel Tracker startup [in /app/app.py:56]
2025-12-22 22:01:44,067 INFO: Travel Tracker startup [in /app/app.py:56]
2025-12-22 22:01:44,112 INFO: Travel Tracker startup [in /app/app.py:56]
2025-12-22 22:01:44,120 INFO: Travel Tracker startup [in /app/app.py:56]
2025-12-22 22:11:02,250 INFO: Travel Tracker startup [in /app/app.py:56]
2025-12-22 22:11:03,321 INFO: Travel Tracker startup [in /app/app.py:56]
2025-12-22 22:11:03,345 INFO: Travel Tracker startup [in /app/app.py:56]
2025-12-22 22:11:03,575 INFO: Travel Tracker startup [in /app/app.py:56]
2025-12-22 22:11:03,646 INFO: Travel Tracker startup [in /app/app.py:56]
2025-12-22 22:14:45,864 ERROR: Exception on /admin/users [GET] [in /usr/local/lib/python3.11/site-packages/flask/app.py:825]
Traceback (most recent call last):
  File "/usr/local/lib/python3.11/site-packages/flask/app.py", line 1455, in wsgi_app
    response = self.full_dispatch_request()
               ^^^^^^^^^^^^^^^^^^^^^^^^^^^^
  File "/usr/local/lib/python3.11/site-packages/flask/app.py", line 869, in full_dispatch_request
    rv = self.handle_user_exception(e)
         ^^^^^^^^^^^^^^^^^^^^^^^^^^^^^
  File "/usr/local/lib/python3.11/site-packages/flask/app.py", line 867, in full_dispatch_request
    rv = self.dispatch_request()
         ^^^^^^^^^^^^^^^^^^^^^^^
  File "/usr/local/lib/python3.11/site-packages/flask/app.py", line 852, in dispatch_request
    return self.ensure_sync(self.view_functions[rule.endpoint])(**view_args)
           ^^^^^^^^^^^^^^^^^^^^^^^^^^^^^^^^^^^^^^^^^^^^^^^^^^^^^^^^^^^^^^^^^
  File "/usr/local/lib/python3.11/site-packages/flask_login/utils.py", line 290, in decorated_view
    return current_app.ensure_sync(func)(*args, **kwargs)
           ^^^^^^^^^^^^^^^^^^^^^^^^^^^^^^^^^^^^^^^^^^^^^^
  File "/app/auth.py", line 33, in decorated_function
    return f(*args, **kwargs)
           ^^^^^^^^^^^^^^^^^^
  File "/app/admin.py", line 55, in users
    return render_template('admin/users.html', users=users, search=search)
           ^^^^^^^^^^^^^^^^^^^^^^^^^^^^^^^^^^^^^^^^^^^^^^^^^^^^^^^^^^^^^^^
  File "/usr/local/lib/python3.11/site-packages/flask/templating.py", line 151, in render_template
    template = app.jinja_env.get_or_select_template(template_name_or_list)
               ^^^^^^^^^^^^^^^^^^^^^^^^^^^^^^^^^^^^^^^^^^^^^^^^^^^^^^^^^^^
  File "/usr/local/lib/python3.11/site-packages/jinja2/environment.py", line 1087, in get_or_select_template
    return self.get_template(template_name_or_list, parent, globals)
           ^^^^^^^^^^^^^^^^^^^^^^^^^^^^^^^^^^^^^^^^^^^^^^^^^^^^^^^^^
  File "/usr/local/lib/python3.11/site-packages/jinja2/environment.py", line 1016, in get_template
    return self._load_template(name, globals)
           ^^^^^^^^^^^^^^^^^^^^^^^^^^^^^^^^^^
  File "/usr/local/lib/python3.11/site-packages/jinja2/environment.py", line 975, in _load_template
    template = self.loader.load(self, name, self.make_globals(globals))
               ^^^^^^^^^^^^^^^^^^^^^^^^^^^^^^^^^^^^^^^^^^^^^^^^^^^^^^^^
  File "/usr/local/lib/python3.11/site-packages/jinja2/loaders.py", line 126, in load
    source, filename, uptodate = self.get_source(environment, name)
                                 ^^^^^^^^^^^^^^^^^^^^^^^^^^^^^^^^^^
  File "/usr/local/lib/python3.11/site-packages/flask/templating.py", line 65, in get_source
    return self._get_source_fast(environment, template)
           ^^^^^^^^^^^^^^^^^^^^^^^^^^^^^^^^^^^^^^^^^^^^
  File "/usr/local/lib/python3.11/site-packages/flask/templating.py", line 99, in _get_source_fast
    raise TemplateNotFound(template)
jinja2.exceptions.TemplateNotFound: admin/users.html
2025-12-22 22:18:59,398 INFO: Travel Tracker startup [in /app/app.py:56]
2025-12-22 22:19:00,486 INFO: Travel Tracker startup [in /app/app.py:56]
2025-12-22 22:19:00,544 INFO: Travel Tracker startup [in /app/app.py:56]
2025-12-22 22:19:00,558 INFO: Travel Tracker startup [in /app/app.py:56]
2025-12-22 22:19:00,647 INFO: Travel Tracker startup [in /app/app.py:56]
2025-12-22 22:20:57,326 INFO: Travel Tracker startup [in /app/app.py:56]
2025-12-22 22:20:58,280 INFO: Travel Tracker startup [in /app/app.py:56]
2025-12-22 22:20:58,466 INFO: Travel Tracker startup [in /app/app.py:56]
2025-12-22 22:20:58,658 INFO: Travel Tracker startup [in /app/app.py:56]
2025-12-22 22:20:58,672 INFO: Travel Tracker startup [in /app/app.py:56]
2025-12-22 22:21:35,195 ERROR: Exception on /settings/preferences [GET] [in /usr/local/lib/python3.11/site-packages/flask/app.py:825]
Traceback (most recent call last):
  File "/usr/local/lib/python3.11/site-packages/flask/app.py", line 1455, in wsgi_app
    response = self.full_dispatch_request()
               ^^^^^^^^^^^^^^^^^^^^^^^^^^^^
  File "/usr/local/lib/python3.11/site-packages/flask/app.py", line 869, in full_dispatch_request
    rv = self.handle_user_exception(e)
         ^^^^^^^^^^^^^^^^^^^^^^^^^^^^^
  File "/usr/local/lib/python3.11/site-packages/flask/app.py", line 867, in full_dispatch_request
    rv = self.dispatch_request()
         ^^^^^^^^^^^^^^^^^^^^^^^
  File "/usr/local/lib/python3.11/site-packages/flask/app.py", line 852, in dispatch_request
    return self.ensure_sync(self.view_functions[rule.endpoint])(**view_args)
           ^^^^^^^^^^^^^^^^^^^^^^^^^^^^^^^^^^^^^^^^^^^^^^^^^^^^^^^^^^^^^^^^^
  File "/usr/local/lib/python3.11/site-packages/flask_login/utils.py", line 290, in decorated_view
    return current_app.ensure_sync(func)(*args, **kwargs)
           ^^^^^^^^^^^^^^^^^^^^^^^^^^^^^^^^^^^^^^^^^^^^^^
  File "/app/app.py", line 683, in preferences_settings
    return render_template('settings/preferences.html', settings=settings)
           ^^^^^^^^^^^^^^^^^^^^^^^^^^^^^^^^^^^^^^^^^^^^^^^^^^^^^^^^^^^^^^^
  File "/usr/local/lib/python3.11/site-packages/flask/templating.py", line 151, in render_template
    template = app.jinja_env.get_or_select_template(template_name_or_list)
               ^^^^^^^^^^^^^^^^^^^^^^^^^^^^^^^^^^^^^^^^^^^^^^^^^^^^^^^^^^^
  File "/usr/local/lib/python3.11/site-packages/jinja2/environment.py", line 1087, in get_or_select_template
    return self.get_template(template_name_or_list, parent, globals)
           ^^^^^^^^^^^^^^^^^^^^^^^^^^^^^^^^^^^^^^^^^^^^^^^^^^^^^^^^^
  File "/usr/local/lib/python3.11/site-packages/jinja2/environment.py", line 1016, in get_template
    return self._load_template(name, globals)
           ^^^^^^^^^^^^^^^^^^^^^^^^^^^^^^^^^^
  File "/usr/local/lib/python3.11/site-packages/jinja2/environment.py", line 975, in _load_template
    template = self.loader.load(self, name, self.make_globals(globals))
               ^^^^^^^^^^^^^^^^^^^^^^^^^^^^^^^^^^^^^^^^^^^^^^^^^^^^^^^^
  File "/usr/local/lib/python3.11/site-packages/jinja2/loaders.py", line 126, in load
    source, filename, uptodate = self.get_source(environment, name)
                                 ^^^^^^^^^^^^^^^^^^^^^^^^^^^^^^^^^^
  File "/usr/local/lib/python3.11/site-packages/flask/templating.py", line 65, in get_source
    return self._get_source_fast(environment, template)
           ^^^^^^^^^^^^^^^^^^^^^^^^^^^^^^^^^^^^^^^^^^^^
  File "/usr/local/lib/python3.11/site-packages/flask/templating.py", line 99, in _get_source_fast
    raise TemplateNotFound(template)
jinja2.exceptions.TemplateNotFound: settings/preferences.html
2025-12-22 22:21:49,800 ERROR: Exception on /settings/email-accounts [GET] [in /usr/local/lib/python3.11/site-packages/flask/app.py:825]
Traceback (most recent call last):
  File "/usr/local/lib/python3.11/site-packages/flask/app.py", line 1455, in wsgi_app
    response = self.full_dispatch_request()
               ^^^^^^^^^^^^^^^^^^^^^^^^^^^^
  File "/usr/local/lib/python3.11/site-packages/flask/app.py", line 869, in full_dispatch_request
    rv = self.handle_user_exception(e)
         ^^^^^^^^^^^^^^^^^^^^^^^^^^^^^
  File "/usr/local/lib/python3.11/site-packages/flask/app.py", line 867, in full_dispatch_request
    rv = self.dispatch_request()
         ^^^^^^^^^^^^^^^^^^^^^^^
  File "/usr/local/lib/python3.11/site-packages/flask/app.py", line 852, in dispatch_request
    return self.ensure_sync(self.view_functions[rule.endpoint])(**view_args)
           ^^^^^^^^^^^^^^^^^^^^^^^^^^^^^^^^^^^^^^^^^^^^^^^^^^^^^^^^^^^^^^^^^
  File "/usr/local/lib/python3.11/site-packages/flask_login/utils.py", line 290, in decorated_view
    return current_app.ensure_sync(func)(*args, **kwargs)
           ^^^^^^^^^^^^^^^^^^^^^^^^^^^^^^^^^^^^^^^^^^^^^^
  File "/app/app.py", line 596, in email_accounts
    accounts = EmailAccount.query.filter_by(user_id=current_user.id).all()
               ^^^^^^^^^^^^
NameError: name 'EmailAccount' is not defined
2025-12-22 22:22:20,469 ERROR: Exception on /admin/users [GET] [in /usr/local/lib/python3.11/site-packages/flask/app.py:825]
Traceback (most recent call last):
  File "/usr/local/lib/python3.11/site-packages/flask/app.py", line 1455, in wsgi_app
    response = self.full_dispatch_request()
               ^^^^^^^^^^^^^^^^^^^^^^^^^^^^
  File "/usr/local/lib/python3.11/site-packages/flask/app.py", line 869, in full_dispatch_request
    rv = self.handle_user_exception(e)
         ^^^^^^^^^^^^^^^^^^^^^^^^^^^^^
  File "/usr/local/lib/python3.11/site-packages/flask/app.py", line 867, in full_dispatch_request
    rv = self.dispatch_request()
         ^^^^^^^^^^^^^^^^^^^^^^^
  File "/usr/local/lib/python3.11/site-packages/flask/app.py", line 852, in dispatch_request
    return self.ensure_sync(self.view_functions[rule.endpoint])(**view_args)
           ^^^^^^^^^^^^^^^^^^^^^^^^^^^^^^^^^^^^^^^^^^^^^^^^^^^^^^^^^^^^^^^^^
  File "/usr/local/lib/python3.11/site-packages/flask_login/utils.py", line 290, in decorated_view
    return current_app.ensure_sync(func)(*args, **kwargs)
           ^^^^^^^^^^^^^^^^^^^^^^^^^^^^^^^^^^^^^^^^^^^^^^
  File "/app/auth.py", line 33, in decorated_function
    return f(*args, **kwargs)
           ^^^^^^^^^^^^^^^^^^
  File "/app/admin.py", line 55, in users
    return render_template('admin/users.html', users=users, search=search)
           ^^^^^^^^^^^^^^^^^^^^^^^^^^^^^^^^^^^^^^^^^^^^^^^^^^^^^^^^^^^^^^^
  File "/usr/local/lib/python3.11/site-packages/flask/templating.py", line 151, in render_template
    template = app.jinja_env.get_or_select_template(template_name_or_list)
               ^^^^^^^^^^^^^^^^^^^^^^^^^^^^^^^^^^^^^^^^^^^^^^^^^^^^^^^^^^^
  File "/usr/local/lib/python3.11/site-packages/jinja2/environment.py", line 1087, in get_or_select_template
    return self.get_template(template_name_or_list, parent, globals)
           ^^^^^^^^^^^^^^^^^^^^^^^^^^^^^^^^^^^^^^^^^^^^^^^^^^^^^^^^^
  File "/usr/local/lib/python3.11/site-packages/jinja2/environment.py", line 1016, in get_template
    return self._load_template(name, globals)
           ^^^^^^^^^^^^^^^^^^^^^^^^^^^^^^^^^^
  File "/usr/local/lib/python3.11/site-packages/jinja2/environment.py", line 975, in _load_template
    template = self.loader.load(self, name, self.make_globals(globals))
               ^^^^^^^^^^^^^^^^^^^^^^^^^^^^^^^^^^^^^^^^^^^^^^^^^^^^^^^^
  File "/usr/local/lib/python3.11/site-packages/jinja2/loaders.py", line 126, in load
    source, filename, uptodate = self.get_source(environment, name)
                                 ^^^^^^^^^^^^^^^^^^^^^^^^^^^^^^^^^^
  File "/usr/local/lib/python3.11/site-packages/flask/templating.py", line 65, in get_source
    return self._get_source_fast(environment, template)
           ^^^^^^^^^^^^^^^^^^^^^^^^^^^^^^^^^^^^^^^^^^^^
  File "/usr/local/lib/python3.11/site-packages/flask/templating.py", line 99, in _get_source_fast
    raise TemplateNotFound(template)
jinja2.exceptions.TemplateNotFound: admin/users.html
2025-12-23 10:21:40,404 INFO: Travel Tracker startup [in /app/app.py:56]
2025-12-23 15:27:15,594 INFO: Travel Tracker startup [in /app/app.py:56]
2025-12-23 16:03:11,746 INFO: Travel Tracker startup [in /app/app.py:56]
2025-12-23 16:03:15,978 INFO: Travel Tracker startup [in /app/app.py:56]
2025-12-23 16:03:16,931 INFO: Travel Tracker startup [in /app/app.py:56]
2025-12-23 16:03:16,983 INFO: Travel Tracker startup [in /app/app.py:56]
2025-12-23 16:03:17,145 INFO: Travel Tracker startup [in /app/app.py:56]
2025-12-23 16:03:17,169 INFO: Travel Tracker startup [in /app/app.py:56]
2025-12-23 16:04:15,268 INFO: Travel Tracker startup [in /app/app.py:56]
2025-12-23 16:04:16,437 INFO: Travel Tracker startup [in /app/app.py:56]
2025-12-23 16:04:17,663 INFO: Travel Tracker startup [in /app/app.py:56]
2025-12-23 16:05:11,980 INFO: Travel Tracker startup [in /app/app.py:56]
2025-12-23 16:05:13,315 INFO: Travel Tracker startup [in /app/app.py:56]
2025-12-23 16:06:10,839 INFO: Travel Tracker startup [in /app/app.py:56]
2025-12-23 16:07:32,821 INFO: Travel Tracker startup [in /app/app.py:56]
2025-12-23 16:07:35,744 INFO: Travel Tracker startup [in /app/app.py:56]
2025-12-23 16:07:37,078 INFO: Travel Tracker startup [in /app/app.py:56]
2025-12-23 16:10:53,254 ERROR: Exception on /admin/users [GET] [in /usr/local/lib/python3.11/site-packages/flask/app.py:825]
Traceback (most recent call last):
  File "/usr/local/lib/python3.11/site-packages/flask/app.py", line 1455, in wsgi_app
    response = self.full_dispatch_request()
               ^^^^^^^^^^^^^^^^^^^^^^^^^^^^
  File "/usr/local/lib/python3.11/site-packages/flask/app.py", line 869, in full_dispatch_request
    rv = self.handle_user_exception(e)
         ^^^^^^^^^^^^^^^^^^^^^^^^^^^^^
  File "/usr/local/lib/python3.11/site-packages/flask/app.py", line 867, in full_dispatch_request
    rv = self.dispatch_request()
         ^^^^^^^^^^^^^^^^^^^^^^^
  File "/usr/local/lib/python3.11/site-packages/flask/app.py", line 852, in dispatch_request
    return self.ensure_sync(self.view_functions[rule.endpoint])(**view_args)
           ^^^^^^^^^^^^^^^^^^^^^^^^^^^^^^^^^^^^^^^^^^^^^^^^^^^^^^^^^^^^^^^^^
  File "/usr/local/lib/python3.11/site-packages/flask_login/utils.py", line 290, in decorated_view
    return current_app.ensure_sync(func)(*args, **kwargs)
           ^^^^^^^^^^^^^^^^^^^^^^^^^^^^^^^^^^^^^^^^^^^^^^
  File "/app/auth.py", line 33, in decorated_function
    return f(*args, **kwargs)
           ^^^^^^^^^^^^^^^^^^
  File "/app/admin.py", line 55, in users
    return render_template('admin/users.html', users=users, search=search)
           ^^^^^^^^^^^^^^^^^^^^^^^^^^^^^^^^^^^^^^^^^^^^^^^^^^^^^^^^^^^^^^^
  File "/usr/local/lib/python3.11/site-packages/flask/templating.py", line 151, in render_template
    template = app.jinja_env.get_or_select_template(template_name_or_list)
               ^^^^^^^^^^^^^^^^^^^^^^^^^^^^^^^^^^^^^^^^^^^^^^^^^^^^^^^^^^^
  File "/usr/local/lib/python3.11/site-packages/jinja2/environment.py", line 1087, in get_or_select_template
    return self.get_template(template_name_or_list, parent, globals)
           ^^^^^^^^^^^^^^^^^^^^^^^^^^^^^^^^^^^^^^^^^^^^^^^^^^^^^^^^^
  File "/usr/local/lib/python3.11/site-packages/jinja2/environment.py", line 1016, in get_template
    return self._load_template(name, globals)
           ^^^^^^^^^^^^^^^^^^^^^^^^^^^^^^^^^^
  File "/usr/local/lib/python3.11/site-packages/jinja2/environment.py", line 975, in _load_template
    template = self.loader.load(self, name, self.make_globals(globals))
               ^^^^^^^^^^^^^^^^^^^^^^^^^^^^^^^^^^^^^^^^^^^^^^^^^^^^^^^^
  File "/usr/local/lib/python3.11/site-packages/jinja2/loaders.py", line 126, in load
    source, filename, uptodate = self.get_source(environment, name)
                                 ^^^^^^^^^^^^^^^^^^^^^^^^^^^^^^^^^^
  File "/usr/local/lib/python3.11/site-packages/flask/templating.py", line 65, in get_source
    return self._get_source_fast(environment, template)
           ^^^^^^^^^^^^^^^^^^^^^^^^^^^^^^^^^^^^^^^^^^^^
  File "/usr/local/lib/python3.11/site-packages/flask/templating.py", line 99, in _get_source_fast
    raise TemplateNotFound(template)
jinja2.exceptions.TemplateNotFound: admin/users.html
2025-12-23 16:22:48,156 INFO: Travel Tracker startup [in /app/app.py:56]
2025-12-23 16:22:50,423 INFO: Travel Tracker startup [in /app/app.py:56]
2025-12-23 16:26:58,100 INFO: Travel Tracker startup [in /app/app.py:56]
2025-12-23 16:26:59,339 INFO: Travel Tracker startup [in /app/app.py:56]
2025-12-23 16:27:02,052 INFO: Travel Tracker startup [in /app/app.py:56]
2025-12-23 16:27:03,180 INFO: Travel Tracker startup [in /app/app.py:56]
2025-12-23 16:27:03,294 INFO: Travel Tracker startup [in /app/app.py:56]
2025-12-23 16:27:03,318 INFO: Travel Tracker startup [in /app/app.py:56]
2025-12-23 16:27:03,392 INFO: Travel Tracker startup [in /app/app.py:56]
2025-12-23 17:03:24,390 INFO: Travel Tracker startup [in /app/app.py:56]
2025-12-23 17:03:25,284 INFO: Travel Tracker startup [in /app/app.py:56]
2025-12-23 17:03:25,318 INFO: Travel Tracker startup [in /app/app.py:56]
2025-12-23 17:03:25,375 INFO: Travel Tracker startup [in /app/app.py:56]
2025-12-23 17:03:25,470 INFO: Travel Tracker startup [in /app/app.py:56]
2025-12-23 17:03:30,313 INFO: Travel Tracker startup [in /app/app.py:56]
2025-12-23 17:03:31,460 INFO: Travel Tracker startup [in /app/app.py:56]
2025-12-23 17:04:58,229 INFO: Travel Tracker startup [in /app/app.py:56]
2025-12-23 17:04:59,394 INFO: Travel Tracker startup [in /app/app.py:56]
2025-12-23 17:05:43,413 INFO: Travel Tracker startup [in /app/app.py:56]
2025-12-23 17:05:44,637 INFO: Travel Tracker startup [in /app/app.py:56]
2025-12-23 17:05:45,986 INFO: Travel Tracker startup [in /app/app.py:56]
2025-12-23 17:05:47,366 INFO: Travel Tracker startup [in /app/app.py:56]
2025-12-23 17:07:03,376 INFO: Travel Tracker startup [in /app/app.py:56]
2025-12-23 17:07:04,597 INFO: Travel Tracker startup [in /app/app.py:56]
2025-12-23 17:07:06,143 INFO: Travel Tracker startup [in /app/app.py:56]
